<?xml version="1.0" encoding="utf-8"?><testsuites name="pytest tests"><testsuite name="pytest" errors="0" failures="0" skipped="0" tests="13" time="3.929" timestamp="2026-02-17T09:57:37.609423+00:00" hostname="agent-env-36471085-1ab3-4e68-a43e-418e84a493fb"><testcase classname="tests.test_driver_pdf_endpoints.TestDriverPDFEndpoints" name="test_bon_commande_pdf_returns_200" time="0.445" /><testcase classname="tests.test_driver_pdf_endpoints.TestDriverPDFEndpoints" name="test_bon_commande_pdf_content_type" time="0.344" /><testcase classname="tests.test_driver_pdf_endpoints.TestDriverPDFEndpoints" name="test_bon_commande_pdf_is_valid_pdf" time="0.338" /><testcase classname="tests.test_driver_pdf_endpoints.TestDriverPDFEndpoints" name="test_bon_commande_pdf_has_content_disposition" time="0.433" /><testcase classname="tests.test_driver_pdf_endpoints.TestDriverPDFEndpoints" name="test_invoice_pdf_returns_200" time="0.356" /><testcase classname="tests.test_driver_pdf_endpoints.TestDriverPDFEndpoints" name="test_invoice_pdf_content_type" time="0.529" /><testcase classname="tests.test_driver_pdf_endpoints.TestDriverPDFEndpoints" name="test_invoice_pdf_is_valid_pdf" time="0.335" /><testcase classname="tests.test_driver_pdf_endpoints.TestDriverPDFEndpoints" name="test_invoice_pdf_has_content_disposition" time="0.430" /><testcase classname="tests.test_driver_pdf_endpoints.TestDriverRideTokenAccess" name="test_ride_details_returns_200" time="0.220" /><testcase classname="tests.test_driver_pdf_endpoints.TestDriverRideTokenAccess" name="test_ride_details_returns_valid_json" time="0.137" /><testcase classname="tests.test_driver_pdf_endpoints.TestDriverRideTokenAccess" name="test_ride_financial_summary_fields" time="0.099" /><testcase classname="tests.test_driver_pdf_endpoints.TestInvalidTokenAccess" name="test_ride_details_invalid_token_returns_401_or_404" time="0.107" /><testcase classname="tests.test_driver_pdf_endpoints.TestInvalidTokenAccess" name="test_pdf_invalid_token_returns_error" time="0.098" /></testsuite></testsuites>