<?xml version="1.0" encoding="utf-8"?><testsuites name="pytest tests"><testsuite name="pytest" errors="0" failures="0" skipped="0" tests="8" time="1.142" timestamp="2026-02-18T09:01:51.825222+00:00" hostname="agent-env-d65eae76-3dda-455b-8b6e-0fc6cb70f3cb"><testcase classname="backend.tests.test_pricing_commission.TestCommissionCalculation" name="test_driver_ride_endpoint_returns_correct_totals" time="0.150" /><testcase classname="backend.tests.test_pricing_commission.TestCommissionCalculation" name="test_commission_is_10_percent_of_base_price" time="0.153" /><testcase classname="backend.tests.test_pricing_commission.TestCommissionCalculation" name="test_net_driver_calculation" time="0.130" /><testcase classname="backend.tests.test_pricing_commission.TestCommissionCalculation" name="test_expected_test_values" time="0.133" /><testcase classname="backend.tests.test_pricing_commission.TestCeilWaitingMinutes" name="test_waiting_billable_minutes_calculation" time="0.146" /><testcase classname="backend.tests.test_pricing_commission.TestAdminSubcontractingList" name="test_admin_courses_list" time="0.128" /><testcase classname="backend.tests.test_pricing_commission.TestPDFCommissionInvoice" name="test_platform_commission_invoice_pdf" time="0.131" /><testcase classname="backend.tests.test_pricing_commission.TestPricingConsistency" name="test_consistency_driver_ride_vs_course_fields" time="0.103" /></testsuite></testsuites>