<?xml version="1.0" encoding="utf-8"?><testsuites name="pytest tests"><testsuite name="pytest" errors="0" failures="0" skipped="0" tests="9" time="1.620" timestamp="2026-02-18T17:03:03.766971+00:00" hostname="agent-env-ed34f5d9-145c-4263-94d2-f7908b13c9c9"><testcase classname="backend.tests.test_danger_zone_auth.TestDangerZoneAuth" name="test_health_check" time="0.208" /><testcase classname="backend.tests.test_danger_zone_auth.TestDangerZoneAuth" name="test_admin_login_success" time="0.187" /><testcase classname="backend.tests.test_danger_zone_auth.TestDangerZoneAuth" name="test_admin_login_failure" time="0.195" /><testcase classname="backend.tests.test_danger_zone_auth.TestDangerZoneAuth" name="test_danger_status_endpoint" time="0.211" /><testcase classname="backend.tests.test_danger_zone_auth.TestDangerZoneAuth" name="test_danger_status_wrong_password" time="0.143" /><testcase classname="backend.tests.test_danger_zone_auth.TestDangerZoneAuth" name="test_danger_status_missing_password" time="0.194" /><testcase classname="backend.tests.test_danger_zone_auth.TestDangerZoneAuth" name="test_reset_preview_endpoint" time="0.137" /><testcase classname="backend.tests.test_danger_zone_auth.TestDangerZoneAuth" name="test_reset_preview_wrong_password" time="0.110" /><testcase classname="backend.tests.test_danger_zone_auth.TestDangerZoneAuth" name="test_reset_preview_status_matches_env" time="0.181" /></testsuite></testsuites>