<?xml version="1.0" encoding="utf-8"?><testsuites name="pytest tests"><testsuite name="pytest" errors="0" failures="2" skipped="0" tests="13" time="3.695" timestamp="2026-02-17T10:53:39.007773+00:00" hostname="agent-env-36471085-1ab3-4e68-a43e-418e84a493fb"><testcase classname="tests.test_platform_commission_invoice.TestPlatformCommissionInvoice" name="test_platform_invoice_returns_200" time="0.476" /><testcase classname="tests.test_platform_commission_invoice.TestPlatformCommissionInvoice" name="test_platform_invoice_content_type_is_pdf" time="0.460" /><testcase classname="tests.test_platform_commission_invoice.TestPlatformCommissionInvoice" name="test_platform_invoice_is_valid_pdf" time="0.424" /><testcase classname="tests.test_platform_commission_invoice.TestPlatformCommissionInvoice" name="test_platform_invoice_has_correct_filename" time="0.534" /><testcase classname="tests.test_platform_commission_invoice.TestPlatformCommissionInvoice" name="test_platform_invoice_404_for_nonexistent_course" time="0.184" /><testcase classname="tests.test_platform_commission_invoice.TestExistingEndpointsStillWork" name="test_ride_details_returns_200" time="0.098" /><testcase classname="tests.test_platform_commission_invoice.TestExistingEndpointsStillWork" name="test_bon_commande_pdf_returns_200" time="0.358" /><testcase classname="tests.test_platform_commission_invoice.TestExistingEndpointsStillWork" name="test_invoice_pdf_returns_200" time="0.469" /><testcase classname="tests.test_platform_commission_invoice.TestExistingEndpointsStillWork" name="test_start_endpoint_exists" time="0.100"><failure message="AssertionError: Unexpected status: 409&#10;assert 409 in [200, 400]&#10; +  where 409 = &lt;Response [409]&gt;.status_code">tests/test_platform_commission_invoice.py:91: in test_start_endpoint_exists
    assert response.status_code in [200, 400], f"Unexpected status: {response.status_code}"
E   AssertionError: Unexpected status: 409
E   assert 409 in [200, 400]
E    +  where 409 = &lt;Response [409]&gt;.status_code</failure></testcase><testcase classname="tests.test_platform_commission_invoice.TestExistingEndpointsStillWork" name="test_end_endpoint_exists" time="0.102"><failure message="AssertionError: Unexpected status: 409&#10;assert 409 in [200, 400]&#10; +  where 409 = &lt;Response [409]&gt;.status_code">tests/test_platform_commission_invoice.py:97: in test_end_endpoint_exists
    assert response.status_code in [200, 400], f"Unexpected status: {response.status_code}"
E   AssertionError: Unexpected status: 409
E   assert 409 in [200, 400]
E    +  where 409 = &lt;Response [409]&gt;.status_code</failure></testcase><testcase classname="tests.test_platform_commission_invoice.TestAdminSubcontractingEndpoints" name="test_admin_courses_list" time="0.173" /><testcase classname="tests.test_platform_commission_invoice.TestAdminSubcontractingEndpoints" name="test_admin_drivers_list" time="0.115" /><testcase classname="tests.test_platform_commission_invoice.TestAdminSubcontractingEndpoints" name="test_test_course_exists_in_list" time="0.122" /></testsuite></testsuites>