<?xml version="1.0" encoding="utf-8"?><testsuites name="pytest tests"><testsuite name="pytest" errors="0" failures="1" skipped="0" tests="9" time="2.130" timestamp="2026-02-15T17:38:22.880529+00:00" hostname="agent-env-5d1e5438-8890-4966-9272-767bfaf97790"><testcase classname="tests.test_is_test_filter.TestIsTestFilter" name="test_api_health" time="0.215"><failure message="AssertionError: API health check failed: 404&#10;assert 404 == 200&#10; +  where 404 = &lt;Response [404]&gt;.status_code">tests/test_is_test_filter.py:26: in test_api_health
    assert res.status_code == 200, f"API health check failed: {res.status_code}"
E   AssertionError: API health check failed: 404
E   assert 404 == 200
E    +  where 404 = &lt;Response [404]&gt;.status_code</failure></testcase><testcase classname="tests.test_is_test_filter.TestIsTestFilter" name="test_get_courses_returns_is_test_field" time="0.132" /><testcase classname="tests.test_is_test_filter.TestIsTestFilter" name="test_toggle_test_on_specific_course" time="0.636" /><testcase classname="tests.test_is_test_filter.TestIsTestFilter" name="test_toggle_test_nonexistent_course" time="0.167" /><testcase classname="tests.test_is_test_filter.TestIsTestFilter" name="test_toggle_test_on_known_test_course" time="0.156" /><testcase classname="tests.test_is_test_filter.TestIsTestFilter" name="test_get_commissions_returns_is_test_course" time="0.122" /><testcase classname="tests.test_is_test_filter.TestIsTestFilter" name="test_commissions_exclude_test_courses_from_total" time="0.107" /><testcase classname="tests.test_is_test_filter.TestIsTestFilter" name="test_courses_with_test_flag_visible" time="0.099" /><testcase classname="tests.test_is_test_filter.TestCreateAndToggle" name="test_create_course_defaults_is_test_false" time="0.417" /></testsuite></testsuites>