<?xml version="1.0" encoding="utf-8"?><testsuites name="pytest tests"><testsuite name="pytest" errors="0" failures="5" skipped="0" tests="17" time="6.071" timestamp="2026-02-17T11:44:56.871352+00:00" hostname="agent-env-36471085-1ab3-4e68-a43e-418e84a493fb"><testcase classname="backend.tests.test_corrections_iteration9.TestBonDeCommandeNoCommission" name="test_bon_commande_endpoint_returns_200" time="0.630" /><testcase classname="backend.tests.test_corrections_iteration9.TestBonDeCommandeNoCommission" name="test_bon_commande_is_valid_pdf" time="0.466" /><testcase classname="backend.tests.test_corrections_iteration9.TestBonDeCommandeNoCommission" name="test_bon_commande_no_commission_text" time="0.385"><failure message="AssertionError: ERROR: 'Total TTC' should appear in bon de commande&#10;assert 'Total TTC' in '%PDF-1.4\n%\x93\x8c\x8b\x9e ReportLab Generated PDF document (opensource)\n1 0 obj\n&lt;&lt;\n/F1 2 0 R /F2 4 0 R /F3 5 0 R\n&gt;&gt;\nendobj\n2 0 obj\n&lt;&lt;\n/BaseFont /Helvetica /Encoding /WinAnsiEncoding /Name /F1 /Subtype /Type1 /Type /Font\n&gt;&gt;\nendobj\n3 0 obj\n&lt;&lt;\n/BitsPerComponent 8 /ColorSpace /DeviceRGB /Filter [ /ASCII85Decode /FlateDecode ] /Height 1024 /Length 576501 /Subtype /Image \n  /Type /XObject /Width 1024\n&gt;&gt;\nstream\nGb&quot;,KM0@o=XCZ0e;Ut_XhYdE*:+UAc[?B2,#R?oD,rQ\'7JD__BajVX`K9Qj-\'l&quot;NA3!,)O2Zo8,*1&lt;];Jr`e5\\@`:t%&lt;lcna]O!M`fC=*K.Mump2N+2f%c#F5_uqrRp@t4+Jh.!Yl;)@Ik`uDj)Tn;-keS\\.Q[e,3$X*m43X\'OC%,RCNRUkO-Lrl;Bf=DMPTb1H$GP-%05QAre@Ls#[7ZuOYu7`W7r%-,qh%J\\S`1VJaF()Ujr&amp;/dSB-i-&gt;:/9RdQrtN7jrC=5e99!4jnhZiilucM+r.Fo$9Ob(/I$W88Fr3DWJf:F%[Q#C!Yi$e;I)W@5$m-*^+hLlM4St.k$d!+#H&amp;Db,/i&lt;Fa\'(cbp/sojo#,&amp;Mt;BJ#@i\'-IOs6/rY3A](S&quot;t%\'Fg&amp;I,5CAsNtSj0R^hL$p+AIRWnK6C2N@!BNTtl:\'D/%.WlXB0FnM&amp;ESUP;^5=L?9V0Jnu,5be3Y67*uh19;5\\fICueK8X-rIgu)IZKG&gt;2O-?8\\4p&amp;eqVYCCUWd0[Y&lt;,u`D0,\'8\'(@7c&gt;&quot;#.*P#i9Z$lcuH.@D:Z,&gt;/&lt;p6+^([U5E\\OC,&quot;@;%G5n+A7W!B7a-XE6l]E:D?m(dVI?P%#tYj0*neM&amp;3;P/o3[u.Z0!!WqibIa&lt;a$duQJ,&amp;r;OJWGuIh(C*X./Itmk&gt;`*Sa+^)d2Lm!&quot;G)ONW)3bui^X14=:YcdE0&lt;fcW3dHQPGUXG&lt;Wn4#YLEKn]9N^lfoHq#XW&gt;*WbR,*ah\\n9AfFar5B+:,!lFPF...L:?7#)(n&quot;&gt;)?^\'`?Hg_N1lY^GcP[H^HW&lt;MJW%Drd7*S)*JsL&gt;#$*2O``FSN`%iu#[,#&amp;OARAgP=X*[oT:b1:*&quot;%/&quot;DW;KaOZGOZ7_5;Vi,+6BlV_Mp4CfY$6=&amp;.3$\'0VNuZlJ(HmsIR#dc#btL3X(;3u./s[=[%Y&quot;2E(&quot;I=_SX4TOHXsYVPn$&lt;?j=nXi$kB$N_eiUdkJ]%52Ae(*IGB)B7;o[bP^+HuJX.Q;:F&amp;`k9:^&gt;PH&amp;6&quot;pbS+L)39N*8Pn$3&lt;4NQ@6)6aq6f&quot;8J6i.?*&gt;Rj6p0Ho4W9Nee\'0kD%a0)YE*H3I:&quot;I#sL@YJkqDo_0:W&lt;T;Seb#JX0)#/2`b#N(lFK?m0]os8LJC(`&quot;S5G)Gpj2gH3nEdZ0G;:_0O4_kMl0re:HoQTOMpV&amp;H=6cXfe1&lt;gg:-Z#*iaI+6XkMYj+4*EW@aM03*]G:qL&quot;s[Dj!VTB$#+Sr-&amp;Ej&quot;KV2M@9!S;hhq,NoVpCb\'/AAWLW/HY-%s4A\\jtk\',1sk*&quot;.:QTR1n3h%oLPQE&amp;$&quot;Y=PC6V-Ti@@k2VNDq`s\\L50p?_114L51%hI$W&amp;\'$XWjEY&amp;`5&gt;ES+r%u=:QITgJ0Z1Chp86QWWcjGhja=?lkP\\2WkViXFnC5*^N&gt;D-_EcSo&quot;K%IcMq5_.ZYEmXueWO8mftZn*&amp;*&lt;cGnFi/R:%)s9oBG@2[J;teLPJ&lt;Ko03%Xb$4g\\rbfj_rrH0anhg~&gt;endstream\nendobj\nxref\n0 11\n0000000000 65535 f \n0000000061 00000 n \n0000000112 00000 n \n0000000219 00000 n \n0000576915 00000 n \n0000577027 00000 n \n0000577110 00000 n \n0000577377 00000 n \n0000577445 00000 n \n0000577706 00000 n \n0000577765 00000 n \ntrailer\n&lt;&lt;\n/ID \n[&lt;6e2c0b916584656c485f90fd0a0cf982&gt;&lt;6e2c0b916584656c485f90fd0a0cf982&gt;]\n% ReportLab generated PDF document -- digest (opensource)\n\n/Info 8 0 R\n/Root 7 0 R\n/Size 11\n&gt;&gt;\nstartxref\n580152\n%%EOF\n'">backend/tests/test_corrections_iteration9.py:68: in test_bon_commande_no_commission_text
    assert "Total TTC" in pdf_text, "ERROR: 'Total TTC' should appear in bon de commande"
E   AssertionError: ERROR: 'Total TTC' should appear in bon de commande
E   assert 'Total TTC' in '%PDF-1.4\n%\x93\x8c\x8b\x9e ReportLab Generated PDF document (opensource)\n1 0 obj\n&lt;&lt;\n/F1 2 0 R /F2 4 0 R /F3 5 0 R\n&gt;&gt;\nendobj\n2 0 obj\n&lt;&lt;\n/BaseFont /Helvetica /Encoding /WinAnsiEncoding /Name /F1 /Subtype /Type1 /Type /Font\n&gt;&gt;\nendobj\n3 0 obj\n&lt;&lt;\n/BitsPerComponent 8 /ColorSpace /DeviceRGB /Filter [ /ASCII85Decode /FlateDecode ] /Height 1024 /Length 576501 /Subtype /Image \n  /Type /XObject /Width 1024\n&gt;&gt;\nstream\nGb",KM0@o=XCZ0e;Ut_XhYdE*:+UAc[?B2,#R?oD,rQ\'7JD__BajVX`K9Qj-\'l"NA3!,)O2Zo8,*1&lt;];Jr`e5\\@`:t%&lt;lcna]O!M`fC=*K.Mump2N+2f%c#F5_uqrRp@t4+Jh.!Yl;)@Ik`uDj)Tn;-keS\\.Q[e,3$X*m43X\'OC%,RCNRUkO-Lrl;Bf=DMPTb1H$GP-%05QAre@Ls#[7ZuOYu7`W7r%-,qh%J\\S`1VJaF()Ujr&amp;/dSB-i-&gt;:/9RdQrtN7jrC=5e99!4jnhZiilucM+r.Fo$9Ob(/I$W88Fr3DWJf:F%[Q#C!Yi$e;I)W@5$m-*^+hLlM4St.k$d!+#H&amp;Db,/i&lt;Fa\'(cbp/sojo#,&amp;Mt;BJ#@i\'-IOs6/rY3A](S"t%\'Fg&amp;I,5CAsNtSj0R^hL$p+AIRWnK6C2N@!BNTtl:\'D/%.WlXB0FnM&amp;ESUP;^5=L?9V0Jnu,5be3Y67*uh19;5\\fICueK8X-rIgu)IZKG&gt;2O-?8\\4p&amp;eqVYCCUWd0[Y&lt;,u`D0,\'8\'(@7c&gt;"#.*P#i9Z$lcuH.@D:Z,&gt;/&lt;p6+^([U5E\\OC,"@;%G5n+A7W!B7a-XE6l]E:D?m(dVI?P%#tYj0*neM&amp;3;P/o3[u.Z0!!WqibIa&lt;a$duQJ,&amp;r;OJWGuIh(C*X./Itmk&gt;`*Sa+^)d2Lm!"G)ONW)3bui^X14=:YcdE0&lt;fcW3dHQPGUXG&lt;Wn4#YLEKn]9N^lfoHq#XW&gt;*WbR,*ah\\n9AfFar5B+:,!lFPF...L:?7#)(n"&gt;)?^\'`?Hg_N1lY^GcP[H^HW&lt;MJW%Drd7*S)*JsL&gt;#$*2O``FSN`%iu#[,#&amp;OARAgP=X*[oT:b1:*"%/"DW;KaOZGOZ7_5;Vi,+6BlV_Mp4CfY$6=&amp;.3$\'0VNuZlJ(HmsIR#dc#btL3X(;3u./s[=[%Y"2E("I=_SX4TOHXsYVPn$&lt;?j=nXi$kB$N_eiUdkJ]%52Ae(*IGB)B7;o[bP^+HuJX.Q;:F&amp;`k9:^&gt;PH&amp;6"pbS+L)39N*8Pn$3&lt;4NQ@6)6aq6f"8J6i.?*&gt;Rj6p0Ho4W9Nee\'0kD%a0)YE*H3I:"I#sL@YJkqDo_0:W&lt;T;Seb#JX0)#/2`b#N(lFK?m0]os8LJC(`"S5G)Gpj2gH3nEdZ0G;:_0O4_kMl0re:HoQTOMpV&amp;H=6cXfe1&lt;gg:-Z#*iaI+6XkMYj+4*EW@aM03*]G:qL"s[Dj!VTB$#+Sr-&amp;Ej"KV2M@9!S;hhq,NoVpCb\'/AAWLW/HY-%s4A\\jtk\',1sk*".:QTR1n3h%oLPQE&amp;$"Y=PC6V-Ti@@k2VNDq`s\\L50p?_114L51%hI$W&amp;\'$XWjEY&amp;`5&gt;ES+r%u=:QITgJ0Z1Chp86QWWcjGhja=?lkP\\2WkViXFnC5*^N&gt;D-_EcSo"K%IcMq5_.ZYEmXueWO8mftZn*&amp;*&lt;cGnFi/R:%)s9oBG@2[J;teLPJ&lt;Ko03%Xb$4g\\rbfj_rrH0anhg~&gt;endstream\nendobj\nxref\n0 11\n0000000000 65535 f \n0000000061 00000 n \n0000000112 00000 n \n0000000219 00000 n \n0000576915 00000 n \n0000577027 00000 n \n0000577110 00000 n \n0000577377 00000 n \n0000577445 00000 n \n0000577706 00000 n \n0000577765 00000 n \ntrailer\n&lt;&lt;\n/ID \n[&lt;6e2c0b916584656c485f90fd0a0cf982&gt;&lt;6e2c0b916584656c485f90fd0a0cf982&gt;]\n% ReportLab generated PDF document -- digest (opensource)\n\n/Info 8 0 R\n/Root 7 0 R\n/Size 11\n&gt;&gt;\nstartxref\n580152\n%%EOF\n'</failure></testcase><testcase classname="backend.tests.test_corrections_iteration9.TestPlatformInvoiceJabaDriverInfo" name="test_platform_invoice_endpoint_returns_200" time="0.382" /><testcase classname="backend.tests.test_corrections_iteration9.TestPlatformInvoiceJabaDriverInfo" name="test_platform_invoice_is_valid_pdf" time="0.473" /><testcase classname="backend.tests.test_corrections_iteration9.TestPlatformInvoiceJabaDriverInfo" name="test_platform_invoice_contains_jabadriver_address" time="0.406"><failure message="AssertionError: ERROR: '49 boulevard Marc Chagall' not found in platform invoice&#10;assert '49 boulevard Marc Chagall' in '%PDF-1.4\n%\x93\x8c\x8b\x9e ReportLab Generated PDF document (opensource)\n1 0 obj\n&lt;&lt;\n/F1 2 0 R /F2 4 0 R /F3 5 0 R\n&gt;&gt;\nendobj\n2 0 obj\n&lt;&lt;\n/BaseFont /Helvetica /Encoding /WinAnsiEncoding /Name /F1 /Subtype /Type1 /Type /Font\n&gt;&gt;\nendobj\n3 0 obj\n&lt;&lt;\n/BitsPerComponent 8 /ColorSpace /DeviceRGB /Filter [ /ASCII85Decode /FlateDecode ] /Height 1024 /Length 628202 /Subtype /Image \n  /Type /XObject /Width 1536\n&gt;&gt;\nstream\nGb&quot;,kMmf[b&amp;c`(kp]!JRSfItQBFoOo9e*4+9QjkR+sL&lt;,d?s1U_u)ZpN89Q!#5eDS()PWJ]%Vhjg=[sZ/(eEAS%QJI8G4-Tlhjtn.noRMlS&lt;tbYFEInCZ5;,.K=PC(8a=O(+f]]s-VZ1Qt`/AfAH?qb=S&quot;i&lt;p]9092,8]`pa%ZVF&amp;_&quot;q77JXhpG&lt;mkb@$?C+K&gt;4RKrV-2NE3GH76+FqTstfG+LRm%:`n)IR^X[P8sgEoP9_12sEgncEkJF]Ir*]2j8BZ:$W-u_t38h7JAaTo&amp;nSdepPB&lt;3IUD\'KB@(oI_`fBrNa=0pI;0&gt;oso=nqiI,RH[b^BbDY\\d-6ZCG$htRlXDU&lt;PKd9FfdCT36XDg5!H9r(J,&lt;pG@b#P9:=gE&amp;+Y&amp;@Z./#&gt;AWo\\Q!7m=TD&amp;G@K6ob$U5d$%L4gm&lt;S&amp;5Hcg4Rj0`?\'E=\\[*nh.VX^E)3_m,ddo;1D#_ZF3!1q)&lt;&quot;;TA=#sNSj0KeQ&quot;YXf:UoWmb6soeNBM&gt;1&quot;[uBWVc%]%orVVj&amp;a1f,3\\jo5M8&quot;up`G\\1P!:1=.XK%l?VJN0L#m(T::rpP6RqFV/PR&gt;5O8&amp;X=mj;&quot;J]\\9p$n1oe:IDWSA_$`+1K[9O+Lq91S1L/F\\1dCsk&amp;LhKG&amp;K);OJ%bY40\'D;4I\\oM8)=;_D,A_r&lt;aY6r-k&gt;9lns/lj.ZaFaBg.t9&quot;#sVE@0D_kk=\\8T]o&lt;L:O&lt;:h-MV5gGFVL&gt;=EMF&lt;Gm!YW8t]^0*Ym%4Gb.V^9rM,f-+[PlIO97)-;(qp`_&lt;Pj...r*ijb5=n)&gt;HRkUj3ln!I)!`LEkr,ut6`p#ZikUb(Sio\'YIZH[rZs\\K\\&lt;-RAH)PAg7Rj0PHKV&lt;m0ZFHl7]4Y).L$^O;ZkS9^Ms*X,+;hqf#cgEfm=%*a[G![7,nUgqH[N9R;DMg*7h9!6F4J_[*jC8V*-H?n9kM\\MT\'ap5K?=&quot;&quot;S7TM@SR]hCY+!ijJLs_*L!dWTNY]tslaaEWH]q+%[^G&lt;&gt;f*CLKf6d:QlTKX9oc.;6=Lf-5%XntV#/6-l#G33hTkBM`p;YbT9&quot;M)8T&gt;Z#b(n\\L;k-@$#%UN$$hA.3RA8.JJ&amp;07@_3Gu7&quot;h0N-T&gt;&quot;2FFQrG/PjlS9i5nD=&gt;r%M_h9$VLja))Tt&quot;)cT,MfSh8RnU6J(Ab5slcl_]r-eh?c7q6e*!lQ(&amp;F!&quot;4j(h+7aL&quot;UnO/]-jF0aor);fV4OiY)nD9G.nrMg]EMX\'(SmNet,WGA-7B?N[+WDQDWLr[SbH@5L*5&amp;3+B$Ot`jk2=1PPR5i$&lt;&amp;p37Y&lt;A?\\CR@HEB[Zfr9IlpJ]Y.V+bfZtTePu&lt;aZX]*,3i;4+9qIt?m(oEsS]R.;@&amp;47aX$ndTWH.Mk5!&gt;Auneju+h&quot;=:o4*T$5*5&lt;lT54#!\\-%C,#Nsr4*8QduN\\6[GS9=-%%BsldQm.M1]&lt;u&amp;u&quot;V;#qR?0*P\'&lt;M2dgV/::ch&amp;b9-4$7ES4$\\4M/[\'GVC]/YJI11Pr+g4j%q@?O[OB;~&gt;endstream\nendobj\nxref\n0 11\n0000000000 65535 f \n0000000061 00000 n \n0000000112 00000 n \n0000000219 00000 n \n0000628616 00000 n \n0000628728 00000 n \n0000628843 00000 n \n0000629110 00000 n \n0000629178 00000 n \n0000629439 00000 n \n0000629498 00000 n \ntrailer\n&lt;&lt;\n/ID \n[&lt;7e0e64d8af5b5cf170e2ec41aca555d0&gt;&lt;7e0e64d8af5b5cf170e2ec41aca555d0&gt;]\n% ReportLab generated PDF document -- digest (opensource)\n\n/Info 8 0 R\n/Root 7 0 R\n/Size 11\n&gt;&gt;\nstartxref\n631710\n%%EOF\n'">backend/tests/test_corrections_iteration9.py:107: in test_platform_invoice_contains_jabadriver_address
    assert "49 boulevard Marc Chagall" in pdf_text, f"ERROR: '49 boulevard Marc Chagall' not found in platform invoice"
E   AssertionError: ERROR: '49 boulevard Marc Chagall' not found in platform invoice
E   assert '49 boulevard Marc Chagall' in '%PDF-1.4\n%\x93\x8c\x8b\x9e ReportLab Generated PDF document (opensource)\n1 0 obj\n&lt;&lt;\n/F1 2 0 R /F2 4 0 R /F3 5 0 R\n&gt;&gt;\nendobj\n2 0 obj\n&lt;&lt;\n/BaseFont /Helvetica /Encoding /WinAnsiEncoding /Name /F1 /Subtype /Type1 /Type /Font\n&gt;&gt;\nendobj\n3 0 obj\n&lt;&lt;\n/BitsPerComponent 8 /ColorSpace /DeviceRGB /Filter [ /ASCII85Decode /FlateDecode ] /Height 1024 /Length 628202 /Subtype /Image \n  /Type /XObject /Width 1536\n&gt;&gt;\nstream\nGb",kMmf[b&amp;c`(kp]!JRSfItQBFoOo9e*4+9QjkR+sL&lt;,d?s1U_u)ZpN89Q!#5eDS()PWJ]%Vhjg=[sZ/(eEAS%QJI8G4-Tlhjtn.noRMlS&lt;tbYFEInCZ5;,.K=PC(8a=O(+f]]s-VZ1Qt`/AfAH?qb=S"i&lt;p]9092,8]`pa%ZVF&amp;_"q77JXhpG&lt;mkb@$?C+K&gt;4RKrV-2NE3GH76+FqTstfG+LRm%:`n)IR^X[P8sgEoP9_12sEgncEkJF]Ir*]2j8BZ:$W-u_t38h7JAaTo&amp;nSdepPB&lt;3IUD\'KB@(oI_`fBrNa=0pI;0&gt;oso=nqiI,RH[b^BbDY\\d-6ZCG$htRlXDU&lt;PKd9FfdCT36XDg5!H9r(J,&lt;pG@b#P9:=gE&amp;+Y&amp;@Z./#&gt;AWo\\Q!7m=TD&amp;G@K6ob$U5d$%L4gm&lt;S&amp;5Hcg4Rj0`?\'E=\\[*nh.VX^E)3_m,ddo;1D#_ZF3!1q)&lt;";TA=#sNSj0KeQ"YXf:UoWmb6soeNBM&gt;1"[uBWVc%]%orVVj&amp;a1f,3\\jo5M8"up`G\\1P!:1=.XK%l?VJN0L#m(T::rpP6RqFV/PR&gt;5O8&amp;X=mj;"J]\\9p$n1oe:IDWSA_$`+1K[9O+Lq91S1L/F\\1dCsk&amp;LhKG&amp;K);OJ%bY40\'D;4I\\oM8)=;_D,A_r&lt;aY6r-k&gt;9lns/lj.ZaFaBg.t9"#sVE@0D_kk=\\8T]o&lt;L:O&lt;:h-MV5gGFVL&gt;=EMF&lt;Gm!YW8t]^0*Ym%4Gb.V^9rM,f-+[PlIO97)-;(qp`_&lt;Pj...r*ijb5=n)&gt;HRkUj3ln!I)!`LEkr,ut6`p#ZikUb(Sio\'YIZH[rZs\\K\\&lt;-RAH)PAg7Rj0PHKV&lt;m0ZFHl7]4Y).L$^O;ZkS9^Ms*X,+;hqf#cgEfm=%*a[G![7,nUgqH[N9R;DMg*7h9!6F4J_[*jC8V*-H?n9kM\\MT\'ap5K?=""S7TM@SR]hCY+!ijJLs_*L!dWTNY]tslaaEWH]q+%[^G&lt;&gt;f*CLKf6d:QlTKX9oc.;6=Lf-5%XntV#/6-l#G33hTkBM`p;YbT9"M)8T&gt;Z#b(n\\L;k-@$#%UN$$hA.3RA8.JJ&amp;07@_3Gu7"h0N-T&gt;"2FFQrG/PjlS9i5nD=&gt;r%M_h9$VLja))Tt")cT,MfSh8RnU6J(Ab5slcl_]r-eh?c7q6e*!lQ(&amp;F!"4j(h+7aL"UnO/]-jF0aor);fV4OiY)nD9G.nrMg]EMX\'(SmNet,WGA-7B?N[+WDQDWLr[SbH@5L*5&amp;3+B$Ot`jk2=1PPR5i$&lt;&amp;p37Y&lt;A?\\CR@HEB[Zfr9IlpJ]Y.V+bfZtTePu&lt;aZX]*,3i;4+9qIt?m(oEsS]R.;@&amp;47aX$ndTWH.Mk5!&gt;Auneju+h"=:o4*T$5*5&lt;lT54#!\\-%C,#Nsr4*8QduN\\6[GS9=-%%BsldQm.M1]&lt;u&amp;u"V;#qR?0*P\'&lt;M2dgV/::ch&amp;b9-4$7ES4$\\4M/[\'GVC]/YJI11Pr+g4j%q@?O[OB;~&gt;endstream\nendobj\nxref\n0 11\n0000000000 65535 f \n0000000061 00000 n \n0000000112 00000 n \n0000000219 00000 n \n0000628616 00000 n \n0000628728 00000 n \n0000628843 00000 n \n0000629110 00000 n \n0000629178 00000 n \n0000629439 00000 n \n0000629498 00000 n \ntrailer\n&lt;&lt;\n/ID \n[&lt;7e0e64d8af5b5cf170e2ec41aca555d0&gt;&lt;7e0e64d8af5b5cf170e2ec41aca555d0&gt;]\n% ReportLab generated PDF document -- digest (opensource)\n\n/Info 8 0 R\n/Root 7 0 R\n/Size 11\n&gt;&gt;\nstartxref\n631710\n%%EOF\n'</failure></testcase><testcase classname="backend.tests.test_corrections_iteration9.TestPlatformInvoiceJabaDriverInfo" name="test_platform_invoice_contains_jabadriver_siret" time="0.451"><failure message="AssertionError: ERROR: SIRET '941 473 217 00011' not found in platform invoice&#10;assert False">backend/tests/test_corrections_iteration9.py:127: in test_platform_invoice_contains_jabadriver_siret
    assert siret_present, f"ERROR: SIRET '941 473 217 00011' not found in platform invoice"
E   AssertionError: ERROR: SIRET '941 473 217 00011' not found in platform invoice
E   assert False</failure></testcase><testcase classname="backend.tests.test_corrections_iteration9.TestPlatformInvoiceJabaDriverInfo" name="test_platform_invoice_contains_jabadriver_name" time="0.517"><failure message="AssertionError: ERROR: 'JABADRIVER' not found in platform invoice&#10;assert 'JABADRIVER' in '%PDF-1.4\n%\x93\x8c\x8b\x9e ReportLab Generated PDF document (opensource)\n1 0 obj\n&lt;&lt;\n/F1 2 0 R /F2 4 0 R /F3 5 0 R\n&gt;&gt;\nendobj\n2 0 obj\n&lt;&lt;\n/BaseFont /Helvetica /Encoding /WinAnsiEncoding /Name /F1 /Subtype /Type1 /Type /Font\n&gt;&gt;\nendobj\n3 0 obj\n&lt;&lt;\n/BitsPerComponent 8 /ColorSpace /DeviceRGB /Filter [ /ASCII85Decode /FlateDecode ] /Height 1024 /Length 628202 /Subtype /Image \n  /Type /XObject /Width 1536\n&gt;&gt;\nstream\nGb&quot;,kMmf[b&amp;c`(kp]!JRSfItQBFoOo9e*4+9QjkR+sL&lt;,d?s1U_u)ZpN89Q!#5eDS()PWJ]%Vhjg=[sZ/(eEAS%QJI8G4-Tlhjtn.noRMlS&lt;tbYFEInCZ5;,.K=PC(8a=O(+f]]s-VZ1Qt`/AfAH?qb=S&quot;i&lt;p]9092,8]`pa%ZVF&amp;_&quot;q77JXhpG&lt;mkb@$?C+K&gt;4RKrV-2NE3GH76+FqTstfG+LRm%:`n)IR^X[P8sgEoP9_12sEgncEkJF]Ir*]2j8BZ:$W-u_t38h7JAaTo&amp;nSdepPB&lt;3IUD\'KB@(oI_`fBrNa=0pI;0&gt;oso=nqiI,RH[b^BbDY\\d-6ZCG$htRlXDU&lt;PKd9FfdCT36XDg5!H9r(J,&lt;pG@b#P9:=gE&amp;+Y&amp;@Z./#&gt;AWo\\Q!7m=TD&amp;G@K6ob$U5d$%L4gm&lt;S&amp;5Hcg4Rj0`?\'E=\\[*nh.VX^E)3_m,ddo;1D#_ZF3!1q)&lt;&quot;;TA=#sNSj0KeQ&quot;YXf:UoWmb6soeNBM&gt;1&quot;[uBWVc%]%orVVj&amp;a1f,3\\jo5M8&quot;up`G\\1P!:1=.XK%l?VJN0L#m(T::rpP6RqFV/PR&gt;5O8&amp;X=mj;&quot;J]\\9p$n1oe:IDWSA_$`+1K[9O+Lq91S1L/F\\1dCsk&amp;LhKG&amp;K);OJ%bY40\'D;4I\\oM8)=;_D,A_r&lt;aY6r-k&gt;9lns/lj.ZaFaBg.t9&quot;#sVE@0D_kk=\\8T]o&lt;L:O&lt;:h-MV5gGFVL&gt;=EMF&lt;Gm!YW8t]^0*Ym%4Gb.V^9rM,f-+[PlIO97)-;(qp`_&lt;Pj...r*ijb5=n)&gt;HRkUj3ln!I)!`LEkr,ut6`p#ZikUb(Sio\'YIZH[rZs\\K\\&lt;-RAH)PAg7Rj0PHKV&lt;m0ZFHl7]4Y).L$^O;ZkS9^Ms*X,+;hqf#cgEfm=%*a[G![7,nUgqH[N9R;DMg*7h9!6F4J_[*jC8V*-H?n9kM\\MT\'ap5K?=&quot;&quot;S7TM@SR]hCY+!ijJLs_*L!dWTNY]tslaaEWH]q+%[^G&lt;&gt;f*CLKf6d:QlTKX9oc.;6=Lf-5%XntV#/6-l#G33hTkBM`p;YbT9&quot;M)8T&gt;Z#b(n\\L;k-@$#%UN$$hA.3RA8.JJ&amp;07@_3Gu7&quot;h0N-T&gt;&quot;2FFQrG/PjlS9i5nD=&gt;r%M_h9$VLja))Tt&quot;)cT,MfSh8RnU6J(Ab5slcl_]r-eh?c7q6e*!lQ(&amp;F!&quot;4j(h+7aL&quot;UnO/]-jF0aor);fV4OiY)nD9G.nrMg]EMX\'(SmNet,WGA-7B?N[+WDQDWLr[SbH@5L*5&amp;3+B$Ot`jk2=1PPR5i$&lt;&amp;p37Y&lt;A?\\CR@HEB[Zfr9IlpJ]Y.V+bfZtTePu&lt;aZX]*,3i;4+9qIt?m(oEsS]R.;@&amp;47aX$ndTWH.Mk5!&gt;Auneju+h&quot;=:o4*T$5*5&lt;lT54#!\\-%C,#Nsr4*8QduN\\6[GS9=-%%BsldQm.M1]&lt;u&amp;u&quot;V;#qR?0*P\'&lt;M2dgV/::ch&amp;b9-4$7ES4$\\4M/[\'GVC]/YJI11Pr+g4j%q@?O[OB;~&gt;endstream\nendobj\nxref\n0 11\n0000000000 65535 f \n0000000061 00000 n \n0000000112 00000 n \n0000000219 00000 n \n0000628616 00000 n \n0000628728 00000 n \n0000628843 00000 n \n0000629110 00000 n \n0000629178 00000 n \n0000629439 00000 n \n0000629498 00000 n \ntrailer\n&lt;&lt;\n/ID \n[&lt;5b4c925f4918ae4accd60485dd0ed702&gt;&lt;5b4c925f4918ae4accd60485dd0ed702&gt;]\n% ReportLab generated PDF document -- digest (opensource)\n\n/Info 8 0 R\n/Root 7 0 R\n/Size 11\n&gt;&gt;\nstartxref\n631710\n%%EOF\n'">backend/tests/test_corrections_iteration9.py:139: in test_platform_invoice_contains_jabadriver_name
    assert "JABADRIVER" in pdf_text, "ERROR: 'JABADRIVER' not found in platform invoice"
E   AssertionError: ERROR: 'JABADRIVER' not found in platform invoice
E   assert 'JABADRIVER' in '%PDF-1.4\n%\x93\x8c\x8b\x9e ReportLab Generated PDF document (opensource)\n1 0 obj\n&lt;&lt;\n/F1 2 0 R /F2 4 0 R /F3 5 0 R\n&gt;&gt;\nendobj\n2 0 obj\n&lt;&lt;\n/BaseFont /Helvetica /Encoding /WinAnsiEncoding /Name /F1 /Subtype /Type1 /Type /Font\n&gt;&gt;\nendobj\n3 0 obj\n&lt;&lt;\n/BitsPerComponent 8 /ColorSpace /DeviceRGB /Filter [ /ASCII85Decode /FlateDecode ] /Height 1024 /Length 628202 /Subtype /Image \n  /Type /XObject /Width 1536\n&gt;&gt;\nstream\nGb",kMmf[b&amp;c`(kp]!JRSfItQBFoOo9e*4+9QjkR+sL&lt;,d?s1U_u)ZpN89Q!#5eDS()PWJ]%Vhjg=[sZ/(eEAS%QJI8G4-Tlhjtn.noRMlS&lt;tbYFEInCZ5;,.K=PC(8a=O(+f]]s-VZ1Qt`/AfAH?qb=S"i&lt;p]9092,8]`pa%ZVF&amp;_"q77JXhpG&lt;mkb@$?C+K&gt;4RKrV-2NE3GH76+FqTstfG+LRm%:`n)IR^X[P8sgEoP9_12sEgncEkJF]Ir*]2j8BZ:$W-u_t38h7JAaTo&amp;nSdepPB&lt;3IUD\'KB@(oI_`fBrNa=0pI;0&gt;oso=nqiI,RH[b^BbDY\\d-6ZCG$htRlXDU&lt;PKd9FfdCT36XDg5!H9r(J,&lt;pG@b#P9:=gE&amp;+Y&amp;@Z./#&gt;AWo\\Q!7m=TD&amp;G@K6ob$U5d$%L4gm&lt;S&amp;5Hcg4Rj0`?\'E=\\[*nh.VX^E)3_m,ddo;1D#_ZF3!1q)&lt;";TA=#sNSj0KeQ"YXf:UoWmb6soeNBM&gt;1"[uBWVc%]%orVVj&amp;a1f,3\\jo5M8"up`G\\1P!:1=.XK%l?VJN0L#m(T::rpP6RqFV/PR&gt;5O8&amp;X=mj;"J]\\9p$n1oe:IDWSA_$`+1K[9O+Lq91S1L/F\\1dCsk&amp;LhKG&amp;K);OJ%bY40\'D;4I\\oM8)=;_D,A_r&lt;aY6r-k&gt;9lns/lj.ZaFaBg.t9"#sVE@0D_kk=\\8T]o&lt;L:O&lt;:h-MV5gGFVL&gt;=EMF&lt;Gm!YW8t]^0*Ym%4Gb.V^9rM,f-+[PlIO97)-;(qp`_&lt;Pj...r*ijb5=n)&gt;HRkUj3ln!I)!`LEkr,ut6`p#ZikUb(Sio\'YIZH[rZs\\K\\&lt;-RAH)PAg7Rj0PHKV&lt;m0ZFHl7]4Y).L$^O;ZkS9^Ms*X,+;hqf#cgEfm=%*a[G![7,nUgqH[N9R;DMg*7h9!6F4J_[*jC8V*-H?n9kM\\MT\'ap5K?=""S7TM@SR]hCY+!ijJLs_*L!dWTNY]tslaaEWH]q+%[^G&lt;&gt;f*CLKf6d:QlTKX9oc.;6=Lf-5%XntV#/6-l#G33hTkBM`p;YbT9"M)8T&gt;Z#b(n\\L;k-@$#%UN$$hA.3RA8.JJ&amp;07@_3Gu7"h0N-T&gt;"2FFQrG/PjlS9i5nD=&gt;r%M_h9$VLja))Tt")cT,MfSh8RnU6J(Ab5slcl_]r-eh?c7q6e*!lQ(&amp;F!"4j(h+7aL"UnO/]-jF0aor);fV4OiY)nD9G.nrMg]EMX\'(SmNet,WGA-7B?N[+WDQDWLr[SbH@5L*5&amp;3+B$Ot`jk2=1PPR5i$&lt;&amp;p37Y&lt;A?\\CR@HEB[Zfr9IlpJ]Y.V+bfZtTePu&lt;aZX]*,3i;4+9qIt?m(oEsS]R.;@&amp;47aX$ndTWH.Mk5!&gt;Auneju+h"=:o4*T$5*5&lt;lT54#!\\-%C,#Nsr4*8QduN\\6[GS9=-%%BsldQm.M1]&lt;u&amp;u"V;#qR?0*P\'&lt;M2dgV/::ch&amp;b9-4$7ES4$\\4M/[\'GVC]/YJI11Pr+g4j%q@?O[OB;~&gt;endstream\nendobj\nxref\n0 11\n0000000000 65535 f \n0000000061 00000 n \n0000000112 00000 n \n0000000219 00000 n \n0000628616 00000 n \n0000628728 00000 n \n0000628843 00000 n \n0000629110 00000 n \n0000629178 00000 n \n0000629439 00000 n \n0000629498 00000 n \ntrailer\n&lt;&lt;\n/ID \n[&lt;5b4c925f4918ae4accd60485dd0ed702&gt;&lt;5b4c925f4918ae4accd60485dd0ed702&gt;]\n% ReportLab generated PDF document -- digest (opensource)\n\n/Info 8 0 R\n/Root 7 0 R\n/Size 11\n&gt;&gt;\nstartxref\n631710\n%%EOF\n'</failure></testcase><testcase classname="backend.tests.test_corrections_iteration9.TestPlatformInvoiceJabaDriverInfo" name="test_platform_invoice_is_commission_invoice" time="0.354"><failure message="AssertionError: ERROR: 'FACTURE DE COMMISSION' not found in platform invoice&#10;assert 'FACTURE DE COMMISSION' in '%PDF-1.4\n%\x93\x8c\x8b\x9e ReportLab Generated PDF document (opensource)\n1 0 obj\n&lt;&lt;\n/F1 2 0 R /F2 4 0 R /F3 5 0 R\n&gt;&gt;\nendobj\n2 0 obj\n&lt;&lt;\n/BaseFont /Helvetica /Encoding /WinAnsiEncoding /Name /F1 /Subtype /Type1 /Type /Font\n&gt;&gt;\nendobj\n3 0 obj\n&lt;&lt;\n/BitsPerComponent 8 /ColorSpace /DeviceRGB /Filter [ /ASCII85Decode /FlateDecode ] /Height 1024 /Length 628202 /Subtype /Image \n  /Type /XObject /Width 1536\n&gt;&gt;\nstream\nGb&quot;,kMmf[b&amp;c`(kp]!JRSfItQBFoOo9e*4+9QjkR+sL&lt;,d?s1U_u)ZpN89Q!#5eDS()PWJ]%Vhjg=[sZ/(eEAS%QJI8G4-Tlhjtn.noRMlS&lt;tbYFEInCZ5;,.K=PC(8a=O(+f]]s-VZ1Qt`/AfAH?qb=S&quot;i&lt;p]9092,8]`pa%ZVF&amp;_&quot;q77JXhpG&lt;mkb@$?C+K&gt;4RKrV-2NE3GH76+FqTstfG+LRm%:`n)IR^X[P8sgEoP9_12sEgncEkJF]Ir*]2j8BZ:$W-u_t38h7JAaTo&amp;nSdepPB&lt;3IUD\'KB@(oI_`fBrNa=0pI;0&gt;oso=nqiI,RH[b^BbDY\\d-6ZCG$htRlXDU&lt;PKd9FfdCT36XDg5!H9r(J,&lt;pG@b#P9:=gE&amp;+Y&amp;@Z./#&gt;AWo\\Q!7m=TD&amp;G@K6ob$U5d$%L4gm&lt;S&amp;5Hcg4Rj0`?\'E=\\[*nh.VX^E)3_m,ddo;1D#_ZF3!1q)&lt;&quot;;TA=#sNSj0KeQ&quot;YXf:UoWmb6soeNBM&gt;1&quot;[uBWVc%]%orVVj&amp;a1f,3\\jo5M8&quot;up`G\\1P!:1=.XK%l?VJN0L#m(T::rpP6RqFV/PR&gt;5O8&amp;X=mj;&quot;J]\\9p$n1oe:IDWSA_$`+1K[9O+Lq91S1L/F\\1dCsk&amp;LhKG&amp;K);OJ%bY40\'D;4I\\oM8)=;_D,A_r&lt;aY6r-k&gt;9lns/lj.ZaFaBg.t9&quot;#sVE@0D_kk=\\8T]o&lt;L:O&lt;:h-MV5gGFVL&gt;=EMF&lt;Gm!YW8t]^0*Ym%4Gb.V^9rM,f-+[PlIO97)-;(qp`_&lt;Pj...r*ijb5=n)&gt;HRkUj3ln!I)!`LEkr,ut6`p#ZikUb(Sio\'YIZH[rZs\\K\\&lt;-RAH)PAg7Rj0PHKV&lt;m0ZFHl7]4Y).L$^O;ZkS9^Ms*X,+;hqf#cgEfm=%*a[G![7,nUgqH[N9R;DMg*7h9!6F4J_[*jC8V*-H?n9kM\\MT\'ap5K?=&quot;&quot;S7TM@SR]hCY+!ijJLs_*L!dWTNY]tslaaEWH]q+%[^G&lt;&gt;f*CLKf6d:QlTKX9oc.;6=Lf-5%XntV#/6-l#G33hTkBM`p;YbT9&quot;M)8T&gt;Z#b(n\\L;k-@$#%UN$$hA.3RA8.JJ&amp;07@_3Gu7&quot;h0N-T&gt;&quot;2FFQrG/PjlS9i5nD=&gt;r%M_h9$VLja))Tt&quot;)cT,MfSh8RnU6J(Ab5slcl_]r-eh?c7q6e*!lQ(&amp;F!&quot;4j(h+7aL&quot;UnO/]-jF0aor);fV4OiY)nD9G.nrMg]EMX\'(SmNet,WGA-7B?N[+WDQDWLr[SbH@5L*5&amp;3+B$Ot`jk2=1PPR5i$&lt;&amp;p37Y&lt;A?\\CR@HEB[Zfr9IlpJ]Y.V+bfZtTePu&lt;aZX]*,3i;4+9qIt?m(oEsS]R.;@&amp;47aX$ndTWH.Mk5!&gt;Auneju+h&quot;=:o4*T$5*5&lt;lT54#!\\-%C,#Nsr4*8QduN\\6[GS9=-%%BsldQm.M1]&lt;u&amp;u&quot;V;#qR?0*P\'&lt;M2dgV/::ch&amp;b9-4$7ES4$\\4M/[\'GVC]/YJI11Pr+g4j%q@?O[OB;~&gt;endstream\nendobj\nxref\n0 11\n0000000000 65535 f \n0000000061 00000 n \n0000000112 00000 n \n0000000219 00000 n \n0000628616 00000 n \n0000628728 00000 n \n0000628843 00000 n \n0000629110 00000 n \n0000629178 00000 n \n0000629439 00000 n \n0000629498 00000 n \ntrailer\n&lt;&lt;\n/ID \n[&lt;72ebbcd9fc9d3f6e82d0df328e99fcd6&gt;&lt;72ebbcd9fc9d3f6e82d0df328e99fcd6&gt;]\n% ReportLab generated PDF document -- digest (opensource)\n\n/Info 8 0 R\n/Root 7 0 R\n/Size 11\n&gt;&gt;\nstartxref\n631710\n%%EOF\n'">backend/tests/test_corrections_iteration9.py:151: in test_platform_invoice_is_commission_invoice
    assert "FACTURE DE COMMISSION" in pdf_text, "ERROR: 'FACTURE DE COMMISSION' not found in platform invoice"
E   AssertionError: ERROR: 'FACTURE DE COMMISSION' not found in platform invoice
E   assert 'FACTURE DE COMMISSION' in '%PDF-1.4\n%\x93\x8c\x8b\x9e ReportLab Generated PDF document (opensource)\n1 0 obj\n&lt;&lt;\n/F1 2 0 R /F2 4 0 R /F3 5 0 R\n&gt;&gt;\nendobj\n2 0 obj\n&lt;&lt;\n/BaseFont /Helvetica /Encoding /WinAnsiEncoding /Name /F1 /Subtype /Type1 /Type /Font\n&gt;&gt;\nendobj\n3 0 obj\n&lt;&lt;\n/BitsPerComponent 8 /ColorSpace /DeviceRGB /Filter [ /ASCII85Decode /FlateDecode ] /Height 1024 /Length 628202 /Subtype /Image \n  /Type /XObject /Width 1536\n&gt;&gt;\nstream\nGb",kMmf[b&amp;c`(kp]!JRSfItQBFoOo9e*4+9QjkR+sL&lt;,d?s1U_u)ZpN89Q!#5eDS()PWJ]%Vhjg=[sZ/(eEAS%QJI8G4-Tlhjtn.noRMlS&lt;tbYFEInCZ5;,.K=PC(8a=O(+f]]s-VZ1Qt`/AfAH?qb=S"i&lt;p]9092,8]`pa%ZVF&amp;_"q77JXhpG&lt;mkb@$?C+K&gt;4RKrV-2NE3GH76+FqTstfG+LRm%:`n)IR^X[P8sgEoP9_12sEgncEkJF]Ir*]2j8BZ:$W-u_t38h7JAaTo&amp;nSdepPB&lt;3IUD\'KB@(oI_`fBrNa=0pI;0&gt;oso=nqiI,RH[b^BbDY\\d-6ZCG$htRlXDU&lt;PKd9FfdCT36XDg5!H9r(J,&lt;pG@b#P9:=gE&amp;+Y&amp;@Z./#&gt;AWo\\Q!7m=TD&amp;G@K6ob$U5d$%L4gm&lt;S&amp;5Hcg4Rj0`?\'E=\\[*nh.VX^E)3_m,ddo;1D#_ZF3!1q)&lt;";TA=#sNSj0KeQ"YXf:UoWmb6soeNBM&gt;1"[uBWVc%]%orVVj&amp;a1f,3\\jo5M8"up`G\\1P!:1=.XK%l?VJN0L#m(T::rpP6RqFV/PR&gt;5O8&amp;X=mj;"J]\\9p$n1oe:IDWSA_$`+1K[9O+Lq91S1L/F\\1dCsk&amp;LhKG&amp;K);OJ%bY40\'D;4I\\oM8)=;_D,A_r&lt;aY6r-k&gt;9lns/lj.ZaFaBg.t9"#sVE@0D_kk=\\8T]o&lt;L:O&lt;:h-MV5gGFVL&gt;=EMF&lt;Gm!YW8t]^0*Ym%4Gb.V^9rM,f-+[PlIO97)-;(qp`_&lt;Pj...r*ijb5=n)&gt;HRkUj3ln!I)!`LEkr,ut6`p#ZikUb(Sio\'YIZH[rZs\\K\\&lt;-RAH)PAg7Rj0PHKV&lt;m0ZFHl7]4Y).L$^O;ZkS9^Ms*X,+;hqf#cgEfm=%*a[G![7,nUgqH[N9R;DMg*7h9!6F4J_[*jC8V*-H?n9kM\\MT\'ap5K?=""S7TM@SR]hCY+!ijJLs_*L!dWTNY]tslaaEWH]q+%[^G&lt;&gt;f*CLKf6d:QlTKX9oc.;6=Lf-5%XntV#/6-l#G33hTkBM`p;YbT9"M)8T&gt;Z#b(n\\L;k-@$#%UN$$hA.3RA8.JJ&amp;07@_3Gu7"h0N-T&gt;"2FFQrG/PjlS9i5nD=&gt;r%M_h9$VLja))Tt")cT,MfSh8RnU6J(Ab5slcl_]r-eh?c7q6e*!lQ(&amp;F!"4j(h+7aL"UnO/]-jF0aor);fV4OiY)nD9G.nrMg]EMX\'(SmNet,WGA-7B?N[+WDQDWLr[SbH@5L*5&amp;3+B$Ot`jk2=1PPR5i$&lt;&amp;p37Y&lt;A?\\CR@HEB[Zfr9IlpJ]Y.V+bfZtTePu&lt;aZX]*,3i;4+9qIt?m(oEsS]R.;@&amp;47aX$ndTWH.Mk5!&gt;Auneju+h"=:o4*T$5*5&lt;lT54#!\\-%C,#Nsr4*8QduN\\6[GS9=-%%BsldQm.M1]&lt;u&amp;u"V;#qR?0*P\'&lt;M2dgV/::ch&amp;b9-4$7ES4$\\4M/[\'GVC]/YJI11Pr+g4j%q@?O[OB;~&gt;endstream\nendobj\nxref\n0 11\n0000000000 65535 f \n0000000061 00000 n \n0000000112 00000 n \n0000000219 00000 n \n0000628616 00000 n \n0000628728 00000 n \n0000628843 00000 n \n0000629110 00000 n \n0000629178 00000 n \n0000629439 00000 n \n0000629498 00000 n \ntrailer\n&lt;&lt;\n/ID \n[&lt;72ebbcd9fc9d3f6e82d0df328e99fcd6&gt;&lt;72ebbcd9fc9d3f6e82d0df328e99fcd6&gt;]\n% ReportLab generated PDF document -- digest (opensource)\n\n/Info 8 0 R\n/Root 7 0 R\n/Size 11\n&gt;&gt;\nstartxref\n631710\n%%EOF\n'</failure></testcase><testcase classname="backend.tests.test_corrections_iteration9.TestDriverTokenPageEndpoints" name="test_ride_details_with_token_returns_200" time="0.132" /><testcase classname="backend.tests.test_corrections_iteration9.TestDriverTokenPageEndpoints" name="test_ride_details_returns_valid_json" time="0.224" /><testcase classname="backend.tests.test_corrections_iteration9.TestDriverTokenPageEndpoints" name="test_invoice_pdf_endpoint_returns_200" time="0.363" /><testcase classname="backend.tests.test_corrections_iteration9.TestStartEndIdempotence" name="test_start_endpoint_is_idempotent" time="0.195" /><testcase classname="backend.tests.test_corrections_iteration9.TestStartEndIdempotence" name="test_end_endpoint_is_idempotent" time="0.115" /><testcase classname="backend.tests.test_corrections_iteration9.TestAdminEmailIdempotenceFlag" name="test_course_has_admin_notification_flag" time="0.132" /><testcase classname="backend.tests.test_corrections_iteration9.TestOtherPdfsNotBroken" name="test_invoice_pdf_is_valid" time="0.384" /><testcase classname="backend.tests.test_corrections_iteration9.TestOtherPdfsNotBroken" name="test_invoice_pdf_has_correct_content_type" time="0.361" /></testsuite></testsuites>