<?xml version="1.0" encoding="utf-8"?><testsuites name="pytest tests"><testsuite name="pytest" errors="0" failures="0" skipped="1" tests="7" time="1.383" timestamp="2026-02-18T12:00:09.919776+00:00" hostname="agent-env-d65eae76-3dda-455b-8b6e-0fc6cb70f3cb"><testcase classname="tests.test_driver_documents.TestAdminSubcontractingCourses" name="test_get_all_courses_returns_totals" time="0.193" /><testcase classname="tests.test_driver_documents.TestAdminSubcontractingCourses" name="test_course_has_assigned_driver" time="0.154" /><testcase classname="tests.test_driver_documents.TestDriverBonCommandePDF" name="test_driver_bdc_pdf_returns_pdf" time="0.350" /><testcase classname="tests.test_driver_documents.TestDriverBonCommandePDF" name="test_driver_bdc_pdf_returns_404_for_unknown_course" time="0.148" /><testcase classname="tests.test_driver_documents.TestDriverInvoicePDF" name="test_driver_invoice_pdf_returns_pdf" time="0.372" /><testcase classname="tests.test_driver_documents.TestDriverInvoicePDF" name="test_driver_invoice_pdf_returns_404_for_unknown_course" time="0.103" /><testcase classname="tests.test_driver_documents.TestNonSubcontractedReservation" name="test_driver_bdc_returns_400_for_non_subcontracted" time="0.000"><skipped type="pytest.skip" message="Requires a non-subcontracted course to test">/app/backend/tests/test_driver_documents.py:127: Requires a non-subcontracted course to test</skipped></testcase></testsuite></testsuites>