<?xml version="1.0" encoding="utf-8"?><testsuites name="pytest tests"><testsuite name="pytest" errors="0" failures="0" skipped="0" tests="20" time="6.867" timestamp="2026-02-17T11:48:20.408510+00:00" hostname="agent-env-36471085-1ab3-4e68-a43e-418e84a493fb"><testcase classname="backend.tests.test_corrections_iteration9.TestBonDeCommandeNoCommission" name="test_bon_commande_endpoint_returns_200" time="0.536" /><testcase classname="backend.tests.test_corrections_iteration9.TestBonDeCommandeNoCommission" name="test_bon_commande_is_valid_pdf" time="0.401" /><testcase classname="backend.tests.test_corrections_iteration9.TestBonDeCommandeNoCommission" name="test_bon_commande_no_commission_payee" time="0.444" /><testcase classname="backend.tests.test_corrections_iteration9.TestBonDeCommandeNoCommission" name="test_bon_commande_no_votre_gain_net" time="0.346" /><testcase classname="backend.tests.test_corrections_iteration9.TestBonDeCommandeNoCommission" name="test_bon_commande_has_total_ttc" time="0.394" /><testcase classname="backend.tests.test_corrections_iteration9.TestPlatformInvoiceJabaDriverInfo" name="test_platform_invoice_endpoint_returns_200" time="0.375" /><testcase classname="backend.tests.test_corrections_iteration9.TestPlatformInvoiceJabaDriverInfo" name="test_platform_invoice_is_valid_pdf" time="0.478" /><testcase classname="backend.tests.test_corrections_iteration9.TestPlatformInvoiceJabaDriverInfo" name="test_platform_invoice_has_jabadriver_name" time="0.384" /><testcase classname="backend.tests.test_corrections_iteration9.TestPlatformInvoiceJabaDriverInfo" name="test_platform_invoice_has_address_street" time="0.354" /><testcase classname="backend.tests.test_corrections_iteration9.TestPlatformInvoiceJabaDriverInfo" name="test_platform_invoice_has_address_city" time="0.372" /><testcase classname="backend.tests.test_corrections_iteration9.TestPlatformInvoiceJabaDriverInfo" name="test_platform_invoice_has_siret" time="0.378" /><testcase classname="backend.tests.test_corrections_iteration9.TestPlatformInvoiceJabaDriverInfo" name="test_platform_invoice_is_commission_invoice" time="0.472" /><testcase classname="backend.tests.test_corrections_iteration9.TestDriverTokenPageEndpoints" name="test_ride_details_with_token_returns_200" time="0.213" /><testcase classname="backend.tests.test_corrections_iteration9.TestDriverTokenPageEndpoints" name="test_ride_details_returns_valid_json" time="0.155" /><testcase classname="backend.tests.test_corrections_iteration9.TestDriverTokenPageEndpoints" name="test_invoice_pdf_endpoint_returns_200" time="0.332" /><testcase classname="backend.tests.test_corrections_iteration9.TestStartEndIdempotence" name="test_start_endpoint_is_idempotent" time="0.172" /><testcase classname="backend.tests.test_corrections_iteration9.TestStartEndIdempotence" name="test_end_endpoint_is_idempotent" time="0.126" /><testcase classname="backend.tests.test_corrections_iteration9.TestAdminEmailIdempotenceFlag" name="test_ended_course_has_notification_flag" time="0.156" /><testcase classname="backend.tests.test_corrections_iteration9.TestOtherPdfsNotBroken" name="test_invoice_pdf_is_valid" time="0.338" /><testcase classname="backend.tests.test_corrections_iteration9.TestOtherPdfsNotBroken" name="test_invoice_pdf_has_correct_content_type" time="0.333" /></testsuite></testsuites>