<?xml version="1.0" encoding="utf-8"?><testsuites name="pytest tests"><testsuite name="pytest" errors="0" failures="0" skipped="2" tests="9" time="1.950" timestamp="2026-02-17T19:04:54.878754+00:00" hostname="agent-env-c1c5e044-5671-4ba8-994c-c38ea366995a"><testcase classname="tests.test_driver_arrival_simple.TestEndpointAvailability" name="test_waiting_info_endpoint_returns_404_for_invalid_id" time="0.160" /><testcase classname="tests.test_driver_arrival_simple.TestEndpointAvailability" name="test_arrive_endpoint_requires_auth" time="0.174" /><testcase classname="tests.test_driver_arrival_simple.TestEndpointAvailability" name="test_client_present_endpoint_requires_token" time="0.158" /><testcase classname="tests.test_driver_arrival_simple.TestEndpointAvailability" name="test_no_show_endpoint_requires_auth" time="0.128" /><testcase classname="tests.test_driver_arrival_simple.TestDriverArriveWorkflow" name="test_arrive_with_gps_coordinates" time="0.218"><skipped type="pytest.skip" message="No ASSIGNED courses available for testing">/app/backend/tests/test_driver_arrival_simple.py:104: No ASSIGNED courses available for testing</skipped></testcase><testcase classname="tests.test_driver_arrival_simple.TestDriverArriveWorkflow" name="test_get_waiting_info_for_course" time="0.000"><skipped type="pytest.skip" message="No ASSIGNED courses available for testing">/app/backend/tests/test_driver_arrival_simple.py:134: No ASSIGNED courses available for testing</skipped></testcase><testcase classname="tests.test_driver_arrival_simple.TestNoShowFlow" name="test_no_show_requires_20_minutes" time="0.323" /><testcase classname="tests.test_driver_arrival_simple.TestStartRideFromArrived" name="test_start_ride_calculates_waiting_time" time="0.263" /><testcase classname="tests.test_driver_arrival_simple.TestClientPresence" name="test_client_present_endpoint_works" time="0.476" /></testsuite></testsuites>