<?xml version="1.0" encoding="utf-8"?><testsuites name="pytest tests"><testsuite name="pytest" errors="0" failures="0" skipped="0" tests="13" time="2.669" timestamp="2026-02-16T14:42:45.577696+00:00" hostname="agent-env-2a84f660-cff9-4986-afec-4eb2cf9b597b"><testcase classname="backend.tests.test_driver_ride_workflow.TestDriverRideAccess" name="test_get_ride_details_with_valid_token" time="0.440" /><testcase classname="backend.tests.test_driver_ride_workflow.TestDriverRideAccess" name="test_get_ride_details_with_invalid_token" time="0.136" /><testcase classname="backend.tests.test_driver_ride_workflow.TestDriverRideAccess" name="test_get_ride_details_without_token" time="0.130" /><testcase classname="backend.tests.test_driver_ride_workflow.TestDriverRideAccess" name="test_get_ride_details_nonexistent_ride" time="0.157" /><testcase classname="backend.tests.test_driver_ride_workflow.TestDriverRideStart" name="test_start_ride_invalid_token" time="0.213" /><testcase classname="backend.tests.test_driver_ride_workflow.TestDriverRideStart" name="test_start_ride_without_token" time="0.143" /><testcase classname="backend.tests.test_driver_ride_workflow.TestDriverRideStart" name="test_start_ride_double_action_protection" time="0.122" /><testcase classname="backend.tests.test_driver_ride_workflow.TestDriverRideEnd" name="test_end_ride_invalid_token" time="0.116" /><testcase classname="backend.tests.test_driver_ride_workflow.TestDriverRideEnd" name="test_end_ride_without_token" time="0.157" /><testcase classname="backend.tests.test_driver_ride_workflow.TestDriverRideEnd" name="test_end_ride_success_flow" time="0.310" /><testcase classname="backend.tests.test_driver_ride_workflow.TestDriverRideCompletedCourse" name="test_completed_course_still_accessible" time="0.174" /><testcase classname="backend.tests.test_driver_ride_workflow.TestAdminStatusDisplay" name="test_admin_courses_list_statuses" time="0.199" /><testcase classname="backend.tests.test_driver_ride_workflow.TestCreateAndStartRideFlow" name="test_full_ride_lifecycle" time="0.319" /></testsuite></testsuites>