<?xml version="1.0" encoding="utf-8"?><testsuites name="pytest tests"><testsuite name="pytest" errors="0" failures="0" skipped="2" tests="8" time="1.369" timestamp="2026-02-17T23:40:25.651704+00:00" hostname="agent-env-d65eae76-3dda-455b-8b6e-0fc6cb70f3cb"><testcase classname="backend.tests.test_jabadriver_workflow_v14.TestClientPresentEndpoint" name="test_client_present_endpoint_exists" time="0.168" /><testcase classname="backend.tests.test_jabadriver_workflow_v14.TestClientPresentEndpoint" name="test_client_present_with_gps_coordinates" time="0.132" /><testcase classname="backend.tests.test_jabadriver_workflow_v14.TestClientPresentEndpoint" name="test_client_present_idempotent" time="0.262" /><testcase classname="backend.tests.test_jabadriver_workflow_v14.TestDriverRideEndpoint" name="test_driver_ride_returns_client_present_fields" time="0.242"><skipped type="pytest.skip" message="Authentication required for driver ride endpoint">/app/backend/tests/test_jabadriver_workflow_v14.py:142: Authentication required for driver ride endpoint</skipped></testcase><testcase classname="backend.tests.test_jabadriver_workflow_v14.TestDriverCompletedConfirmedAt" name="test_confirmed_at_in_driver_completed" time="0.127"><skipped type="pytest.skip" message="DRIVER_COMPLETED test token not available">/app/backend/tests/test_jabadriver_workflow_v14.py:171: DRIVER_COMPLETED test token not available</skipped></testcase><testcase classname="backend.tests.test_jabadriver_workflow_v14.TestWaitingFeeInjection" name="test_start_ride_calculates_waiting_fee" time="0.151" /><testcase classname="backend.tests.test_jabadriver_workflow_v14.TestClientPortalEndpointStructure" name="test_client_portal_response_structure" time="0.123" /><testcase classname="backend.tests.test_jabadriver_workflow_v14.TestLocaliserClientButton" name="test_client_presence_enables_localiser_button" time="0.111" /></testsuite></testsuites>