<?xml version="1.0" encoding="utf-8"?><testsuites name="pytest tests"><testsuite name="pytest" errors="0" failures="0" skipped="0" tests="7" time="1.089" timestamp="2026-02-18T12:15:39.530755+00:00" hostname="agent-env-d65eae76-3dda-455b-8b6e-0fc6cb70f3cb"><testcase classname="backend.tests.test_admin_dashboard_filters.TestAdminDashboardFilters" name="test_api_reservations_returns_is_subcontracted" time="0.256" /><testcase classname="backend.tests.test_admin_dashboard_filters.TestAdminDashboardFilters" name="test_api_reservations_returns_financial_data" time="0.140" /><testcase classname="backend.tests.test_admin_dashboard_filters.TestAdminDashboardFilters" name="test_filter_subcontracted_courses" time="0.144" /><testcase classname="backend.tests.test_admin_dashboard_filters.TestAdminDashboardFilters" name="test_filter_direct_courses" time="0.144" /><testcase classname="backend.tests.test_admin_dashboard_filters.TestAdminDashboardFilters" name="test_test_pricing_reservation_data" time="0.109" /><testcase classname="backend.tests.test_admin_dashboard_filters.TestAdminDashboardFilters" name="test_commission_calculated_from_base_price" time="0.109" /><testcase classname="backend.tests.test_admin_dashboard_filters.TestStatsCalculation" name="test_revenue_breakdown_calculation" time="0.127" /></testsuite></testsuites>