<?xml version="1.0" encoding="utf-8"?><testsuites name="pytest tests"><testsuite name="pytest" errors="0" failures="0" skipped="0" tests="6" time="2.051" timestamp="2026-02-16T21:40:28.382495+00:00" hostname="agent-env-f9abd929-ec3f-49ad-8fe1-63bed9a702e5"><testcase classname="tests.test_ride_workflow.TestDriverAuth" name="test_driver_login_success" time="0.252" /><testcase classname="tests.test_ride_workflow.TestRideWorkflow" name="test_start_ride_success_response_format" time="0.332" /><testcase classname="tests.test_ride_workflow.TestRideWorkflow" name="test_409_response_has_current_status" time="0.620" /><testcase classname="tests.test_ride_workflow.TestRideWorkflow" name="test_end_ride_409_response_format" time="0.287" /><testcase classname="tests.test_ride_workflow.TestFreshCourseWorkflow" name="test_get_assigned_course" time="0.513" /><testcase classname="tests.test_ride_workflow.TestStatusBadgeMapping" name="test_all_valid_statuses" time="0.000" /></testsuite></testsuites>