<?xml version="1.0" encoding="utf-8"?><testsuites name="pytest tests"><testsuite name="pytest" errors="0" failures="0" skipped="0" tests="11" time="2.500" timestamp="2026-02-16T15:08:08.657976+00:00" hostname="agent-env-2a84f660-cff9-4986-afec-4eb2cf9b597b"><testcase classname="tests.test_confirm_ride.TestGetConfirmRide" name="test_get_confirm_ride_success" time="0.430" /><testcase classname="tests.test_confirm_ride.TestGetConfirmRide" name="test_get_confirm_ride_invalid_token" time="0.078" /><testcase classname="tests.test_confirm_ride.TestGetConfirmRide" name="test_get_confirm_ride_missing_token" time="0.069" /><testcase classname="tests.test_confirm_ride.TestGetConfirmRide" name="test_get_confirm_ride_nonexistent" time="0.199" /><testcase classname="tests.test_confirm_ride.TestGetConfirmRide" name="test_get_confirm_ride_already_done" time="0.098" /><testcase classname="tests.test_confirm_ride.TestPostConfirmRide" name="test_confirm_ride_success" time="0.284" /><testcase classname="tests.test_confirm_ride.TestPostConfirmRide" name="test_confirm_ride_invalid_token" time="0.181" /><testcase classname="tests.test_confirm_ride.TestPostConfirmRide" name="test_confirm_ride_missing_token" time="0.064" /><testcase classname="tests.test_confirm_ride.TestPostConfirmRide" name="test_confirm_ride_double_confirmation" time="0.396" /><testcase classname="tests.test_confirm_ride.TestPostConfirmRide" name="test_confirm_ride_nonexistent" time="0.070" /><testcase classname="tests.test_confirm_ride.TestTokenInvalidation" name="test_driver_token_invalidated_after_confirmation" time="0.485" /></testsuite></testsuites>