<?xml version="1.0" encoding="utf-8"?><testsuites name="pytest tests"><testsuite name="pytest" errors="0" failures="2" skipped="0" tests="17" time="4.981" timestamp="2026-02-17T12:18:41.153543+00:00" hostname="agent-env-36471085-1ab3-4e68-a43e-418e84a493fb"><testcase classname="tests.test_ui_text_corrections_iteration10.TestInvoicePDFTitleAndPrefix" name="test_invoice_pdf_endpoint_returns_200" time="0.603" /><testcase classname="tests.test_ui_text_corrections_iteration10.TestInvoicePDFTitleAndPrefix" name="test_invoice_pdf_is_valid_pdf" time="0.432" /><testcase classname="tests.test_ui_text_corrections_iteration10.TestInvoicePDFTitleAndPrefix" name="test_invoice_pdf_contains_facture_title" time="0.363"><failure message="AssertionError: PDF should contain 'FACTURE' title&#10;assert 'FACTURE' in '%PDF-1.4\n%\x93\x8c\x8b\x9e ReportLab Generated PDF document (opensource)\n1 0 obj\n&lt;&lt;\n/F1 2 0 R /F2 4 0 R /F3 5 0 R\n&gt;&gt;\nendobj\n2 0 obj\n&lt;&lt;\n/BaseFont /Helvetica /Encoding /WinAnsiEncoding /Name /F1 /Subtype /Type1 /Type /Font\n&gt;&gt;\nendobj\n3 0 obj\n&lt;&lt;\n/BitsPerComponent 8 /ColorSpace /DeviceRGB /Filter [ /ASCII85Decode /FlateDecode ] /Height 1024 /Length 576501 /Subtype /Image \n  /Type /XObject /Width 1024\n&gt;&gt;\nstream\nGb&quot;,KM0@o=XCZ0e;Ut_XhYdE*:+UAc[?B2,#R?oD,rQ\'7JD__BajVX`K9Qj-\'l&quot;NA3!,)O2Zo8,*1&lt;];Jr`e5\\@`:t%&lt;lcna]O!M`fC=*K.Mump2N+2f%c#F5_uqrRp@t4+Jh.!Yl;)@Ik`uDj)Tn;-keS\\.Q[e,3$X*m43X\'OC%,RCNRUkO-Lrl;Bf=DMPTb1H$GP-%05QAre@Ls#[7ZuOYu7`W7r%-,qh%J\\S`1VJaF()Ujr&amp;/dSB-i-&gt;:/9RdQrtN7jrC=5e99!4jnhZiilucM+r.Fo$9Ob(/I$W88Fr3DWJf:F%[Q#C!Yi$e;I)W@5$m-*^+hLlM4St.k$d!+#H&amp;Db,/i&lt;Fa\'(cbp/sojo#,&amp;Mt;BJ#@i\'-IOs6/rY3A](S&quot;t%\'Fg&amp;I,5CAsNtSj0R^hL$p+AIRWnK6C2N@!BNTtl:\'D/%.WlXB0FnM&amp;ESUP;^5=L?9V0Jnu,5be3Y67*uh19;5\\fICueK8X-rIgu)IZKG&gt;2O-?8\\4p&amp;eqVYCCUWd0[Y&lt;,u`D0,\'8\'(@7c&gt;&quot;#.*P#i9Z$lcuH.@D:Z,&gt;/&lt;p6+^([U5E\\OC,&quot;@;%G5n+A7W!B7a-XE6l]E:D?m(dVI?P%#tYj0*neM&amp;3;P/o3[u.Z0!!WqibIa&lt;a$duQJ,&amp;r;OJWGuIh(C*X./Itmk&gt;`*Sa+^)d2Lm!&quot;G)ONW)3bui^X14=:YcdE0&lt;fcW3dHQPGUXG&lt;Wn4#YLEKn]9N^lfoHq#XW&gt;*WbR,*ah\\n9AfFar5B+:,!lFPF...nKf#`k38mt&quot;JA-q!U7\\00G,&quot;7:98%NLsFeiR[W9pQ/&gt;=20-\\j0#]/s`W8`S&quot;VQ&amp;#;s%kd[t:alMG[jNnLPka;Rjq8b#&lt;S8!c+U=ZICeJ\\[EZhH[];6:Y@AVmJENo@u.*L78Y@?;uV/4MLOgU=uEMd+1A0O02+\\FK\'HhJcCAo0hOt&gt;*@)l;0]pie&lt;qZk02X9kH&quot;)^LkBpmOdX_[d#J$&lt;c&quot;89UdH8g$X&gt;d,i%F%![#=4?6mLq(6CDR`EB5u3N.UUQ8Ni0,B4puI5KHtTt^HJ6M`n6;/li;:rEn9o&quot;3poH;*5ML@Y-D@a?o/UtUM2WJbY:b]nQc%hBSB`cO$pT\\\'`fm&lt;-KUuhe;E$b3B)0u\'p5PrMa7Vg-D1BU=RIOCuTXPLrG(e&gt;(4N:1W.po?11cpPW`$6pgTN[s[Z2C0],rb_nE`o$R&lt;uZt,3;@lolQeAQF$*/!m4FMaeg4+5\\1UQ!aV3o)FaRc+VmR42Fnq5\\[SNX(%Tn)sdW2ako)=)%S!K]0\'qN]j]pVUbRgeR&amp;h*09NrPa6AFslgmpJHKZmmV:pqK_jRG_UZ3StL1%r,oFH3h\'1?[&gt;1p9eRJ6^^^3cgH$+.3SXcn,j`KtTpu8$`(;TP(]lpbdDT_5+\'V_RVH2DCQ\\\\)4o^/f#m\\#02Q^V5r%LZ/1ph9I)0=3DK(G5,t,isUG0]JnL_/8I+gpaqd9rs.8H&quot;H&lt;~&gt;endstream\nendobj\nxref\n0 11\n0000000000 65535 f \n0000000061 00000 n \n0000000112 00000 n \n0000000219 00000 n \n0000576915 00000 n \n0000577027 00000 n \n0000577110 00000 n \n0000577377 00000 n \n0000577445 00000 n \n0000577706 00000 n \n0000577765 00000 n \ntrailer\n&lt;&lt;\n/ID \n[&lt;16be0dc7eb5bc4043b09c53973ac43c0&gt;&lt;16be0dc7eb5bc4043b09c53973ac43c0&gt;]\n% ReportLab generated PDF document -- digest (opensource)\n\n/Info 8 0 R\n/Root 7 0 R\n/Size 11\n&gt;&gt;\nstartxref\n580197\n%%EOF\n'">tests/test_ui_text_corrections_iteration10.py:66: in test_invoice_pdf_contains_facture_title
    assert 'FACTURE' in pdf_content, "PDF should contain 'FACTURE' title"
E   AssertionError: PDF should contain 'FACTURE' title
E   assert 'FACTURE' in '%PDF-1.4\n%\x93\x8c\x8b\x9e ReportLab Generated PDF document (opensource)\n1 0 obj\n&lt;&lt;\n/F1 2 0 R /F2 4 0 R /F3 5 0 R\n&gt;&gt;\nendobj\n2 0 obj\n&lt;&lt;\n/BaseFont /Helvetica /Encoding /WinAnsiEncoding /Name /F1 /Subtype /Type1 /Type /Font\n&gt;&gt;\nendobj\n3 0 obj\n&lt;&lt;\n/BitsPerComponent 8 /ColorSpace /DeviceRGB /Filter [ /ASCII85Decode /FlateDecode ] /Height 1024 /Length 576501 /Subtype /Image \n  /Type /XObject /Width 1024\n&gt;&gt;\nstream\nGb",KM0@o=XCZ0e;Ut_XhYdE*:+UAc[?B2,#R?oD,rQ\'7JD__BajVX`K9Qj-\'l"NA3!,)O2Zo8,*1&lt;];Jr`e5\\@`:t%&lt;lcna]O!M`fC=*K.Mump2N+2f%c#F5_uqrRp@t4+Jh.!Yl;)@Ik`uDj)Tn;-keS\\.Q[e,3$X*m43X\'OC%,RCNRUkO-Lrl;Bf=DMPTb1H$GP-%05QAre@Ls#[7ZuOYu7`W7r%-,qh%J\\S`1VJaF()Ujr&amp;/dSB-i-&gt;:/9RdQrtN7jrC=5e99!4jnhZiilucM+r.Fo$9Ob(/I$W88Fr3DWJf:F%[Q#C!Yi$e;I)W@5$m-*^+hLlM4St.k$d!+#H&amp;Db,/i&lt;Fa\'(cbp/sojo#,&amp;Mt;BJ#@i\'-IOs6/rY3A](S"t%\'Fg&amp;I,5CAsNtSj0R^hL$p+AIRWnK6C2N@!BNTtl:\'D/%.WlXB0FnM&amp;ESUP;^5=L?9V0Jnu,5be3Y67*uh19;5\\fICueK8X-rIgu)IZKG&gt;2O-?8\\4p&amp;eqVYCCUWd0[Y&lt;,u`D0,\'8\'(@7c&gt;"#.*P#i9Z$lcuH.@D:Z,&gt;/&lt;p6+^([U5E\\OC,"@;%G5n+A7W!B7a-XE6l]E:D?m(dVI?P%#tYj0*neM&amp;3;P/o3[u.Z0!!WqibIa&lt;a$duQJ,&amp;r;OJWGuIh(C*X./Itmk&gt;`*Sa+^)d2Lm!"G)ONW)3bui^X14=:YcdE0&lt;fcW3dHQPGUXG&lt;Wn4#YLEKn]9N^lfoHq#XW&gt;*WbR,*ah\\n9AfFar5B+:,!lFPF...nKf#`k38mt"JA-q!U7\\00G,"7:98%NLsFeiR[W9pQ/&gt;=20-\\j0#]/s`W8`S"VQ&amp;#;s%kd[t:alMG[jNnLPka;Rjq8b#&lt;S8!c+U=ZICeJ\\[EZhH[];6:Y@AVmJENo@u.*L78Y@?;uV/4MLOgU=uEMd+1A0O02+\\FK\'HhJcCAo0hOt&gt;*@)l;0]pie&lt;qZk02X9kH")^LkBpmOdX_[d#J$&lt;c"89UdH8g$X&gt;d,i%F%![#=4?6mLq(6CDR`EB5u3N.UUQ8Ni0,B4puI5KHtTt^HJ6M`n6;/li;:rEn9o"3poH;*5ML@Y-D@a?o/UtUM2WJbY:b]nQc%hBSB`cO$pT\\\'`fm&lt;-KUuhe;E$b3B)0u\'p5PrMa7Vg-D1BU=RIOCuTXPLrG(e&gt;(4N:1W.po?11cpPW`$6pgTN[s[Z2C0],rb_nE`o$R&lt;uZt,3;@lolQeAQF$*/!m4FMaeg4+5\\1UQ!aV3o)FaRc+VmR42Fnq5\\[SNX(%Tn)sdW2ako)=)%S!K]0\'qN]j]pVUbRgeR&amp;h*09NrPa6AFslgmpJHKZmmV:pqK_jRG_UZ3StL1%r,oFH3h\'1?[&gt;1p9eRJ6^^^3cgH$+.3SXcn,j`KtTpu8$`(;TP(]lpbdDT_5+\'V_RVH2DCQ\\\\)4o^/f#m\\#02Q^V5r%LZ/1ph9I)0=3DK(G5,t,isUG0]JnL_/8I+gpaqd9rs.8H"H&lt;~&gt;endstream\nendobj\nxref\n0 11\n0000000000 65535 f \n0000000061 00000 n \n0000000112 00000 n \n0000000219 00000 n \n0000576915 00000 n \n0000577027 00000 n \n0000577110 00000 n \n0000577377 00000 n \n0000577445 00000 n \n0000577706 00000 n \n0000577765 00000 n \ntrailer\n&lt;&lt;\n/ID \n[&lt;16be0dc7eb5bc4043b09c53973ac43c0&gt;&lt;16be0dc7eb5bc4043b09c53973ac43c0&gt;]\n% ReportLab generated PDF document -- digest (opensource)\n\n/Info 8 0 R\n/Root 7 0 R\n/Size 11\n&gt;&gt;\nstartxref\n580197\n%%EOF\n'</failure></testcase><testcase classname="tests.test_ui_text_corrections_iteration10.TestInvoicePDFTitleAndPrefix" name="test_invoice_pdf_no_facture_provisoire" time="0.371" /><testcase classname="tests.test_ui_text_corrections_iteration10.TestInvoicePDFTitleAndPrefix" name="test_invoice_pdf_uses_f_prefix" time="0.376" /><testcase classname="tests.test_ui_text_corrections_iteration10.TestInvoicePDFTitleAndPrefix" name="test_invoice_pdf_no_pro_prefix" time="0.361" /><testcase classname="tests.test_ui_text_corrections_iteration10.TestBonDeCommandeNoCommission" name="test_bon_commande_endpoint_returns_200" time="0.376" /><testcase classname="tests.test_ui_text_corrections_iteration10.TestBonDeCommandeNoCommission" name="test_bon_commande_is_valid_pdf" time="0.419" /><testcase classname="tests.test_ui_text_corrections_iteration10.TestBonDeCommandeNoCommission" name="test_bon_commande_has_total_ttc" time="0.372"><failure message="AssertionError: Bon de commande should contain 'Total TTC'&#10;assert 'Total TTC' in '%PDF-1.4\n%\x93\x8c\x8b\x9e ReportLab Generated PDF document (opensource)\n1 0 obj\n&lt;&lt;\n/F1 2 0 R /F2 4 0 R /F3 5 0 R\n&gt;&gt;\nendobj\n2 0 obj\n&lt;&lt;\n/BaseFont /Helvetica /Encoding /WinAnsiEncoding /Name /F1 /Subtype /Type1 /Type /Font\n&gt;&gt;\nendobj\n3 0 obj\n&lt;&lt;\n/BitsPerComponent 8 /ColorSpace /DeviceRGB /Filter [ /ASCII85Decode /FlateDecode ] /Height 1024 /Length 576501 /Subtype /Image \n  /Type /XObject /Width 1024\n&gt;&gt;\nstream\nGb&quot;,KM0@o=XCZ0e;Ut_XhYdE*:+UAc[?B2,#R?oD,rQ\'7JD__BajVX`K9Qj-\'l&quot;NA3!,)O2Zo8,*1&lt;];Jr`e5\\@`:t%&lt;lcna]O!M`fC=*K.Mump2N+2f%c#F5_uqrRp@t4+Jh.!Yl;)@Ik`uDj)Tn;-keS\\.Q[e,3$X*m43X\'OC%,RCNRUkO-Lrl;Bf=DMPTb1H$GP-%05QAre@Ls#[7ZuOYu7`W7r%-,qh%J\\S`1VJaF()Ujr&amp;/dSB-i-&gt;:/9RdQrtN7jrC=5e99!4jnhZiilucM+r.Fo$9Ob(/I$W88Fr3DWJf:F%[Q#C!Yi$e;I)W@5$m-*^+hLlM4St.k$d!+#H&amp;Db,/i&lt;Fa\'(cbp/sojo#,&amp;Mt;BJ#@i\'-IOs6/rY3A](S&quot;t%\'Fg&amp;I,5CAsNtSj0R^hL$p+AIRWnK6C2N@!BNTtl:\'D/%.WlXB0FnM&amp;ESUP;^5=L?9V0Jnu,5be3Y67*uh19;5\\fICueK8X-rIgu)IZKG&gt;2O-?8\\4p&amp;eqVYCCUWd0[Y&lt;,u`D0,\'8\'(@7c&gt;&quot;#.*P#i9Z$lcuH.@D:Z,&gt;/&lt;p6+^([U5E\\OC,&quot;@;%G5n+A7W!B7a-XE6l]E:D?m(dVI?P%#tYj0*neM&amp;3;P/o3[u.Z0!!WqibIa&lt;a$duQJ,&amp;r;OJWGuIh(C*X./Itmk&gt;`*Sa+^)d2Lm!&quot;G)ONW)3bui^X14=:YcdE0&lt;fcW3dHQPGUXG&lt;Wn4#YLEKn]9N^lfoHq#XW&gt;*WbR,*ah\\n9AfFar5B+:,!lFPF...L:?7#)(n&quot;&gt;)?^\'`?Hg_N1lY^GcP[H^HW&lt;MJW%Drd7*S)*JsL&gt;#$*2O``FSN`%iu#[,#&amp;OARAgP=X*[oT:b1:*&quot;%/&quot;DW;KaOZGOZ7_5;Vi,+6BlV_Mp4CfY$6=&amp;.3$\'0VNuZlJ(HmsIR#dc#btL3X(;3u./s[=[%Y&quot;2E(&quot;I=_SX4TOHXsYVPn$&lt;?j=nXi$kB$N_eiUdkJ]%52Ae(*IGB)B7;o[bP^+HuJX.Q;:F&amp;`k9:^&gt;PH&amp;6&quot;pbS+L)39N*8Pn$3&lt;4NQ@6)6aq6f&quot;8J6i.?*&gt;Rj6p0Ho4W9Nee\'0kD%a0)YE*H3I:&quot;I#sL@YJkqDo_0:W&lt;T;Seb#JX0)#/2`b#N(lFK?m0]os8LJC(`&quot;S5G)Gpj2gH3nEdZ0G;:_0O4_kMl0re:HoQTOMpV&amp;H=6cXfe1&lt;gg:-Z#*iaI+6XkMYj+4*EW@aM03*]G:qL&quot;s[Dj!VTB$#+Sr-&amp;Ej&quot;KV2M@9!S;hhq,NoVpCb\'/AAWLW/HY-%s4A\\jtk\',1sk*&quot;.:QTR1n3h%oLPQE&amp;$&quot;Y=PC6V-Ti@@k2VNDq`s\\L50p?_114L51%hI$W&amp;\'$XWjEY&amp;`5&gt;ES+r%u=:QITgJ0Z1Chp86QWWcjGhja=?lkP\\2WkViXFnC5*^N&gt;D-_EcSo&quot;K%IcMq5_.ZYEmXueWO8mftZn*&amp;*&lt;cGnFi/R:%)s9oBG@2[J;teLPJ&lt;Ko03%Xb$4g\\rbfj_rrH0anhg~&gt;endstream\nendobj\nxref\n0 11\n0000000000 65535 f \n0000000061 00000 n \n0000000112 00000 n \n0000000219 00000 n \n0000576915 00000 n \n0000577027 00000 n \n0000577110 00000 n \n0000577377 00000 n \n0000577445 00000 n \n0000577706 00000 n \n0000577765 00000 n \ntrailer\n&lt;&lt;\n/ID \n[&lt;10715b25192da79381f3bb87760cfbcd&gt;&lt;10715b25192da79381f3bb87760cfbcd&gt;]\n% ReportLab generated PDF document -- digest (opensource)\n\n/Info 8 0 R\n/Root 7 0 R\n/Size 11\n&gt;&gt;\nstartxref\n580152\n%%EOF\n'">tests/test_ui_text_corrections_iteration10.py:128: in test_bon_commande_has_total_ttc
    assert 'Total TTC' in pdf_content, "Bon de commande should contain 'Total TTC'"
E   AssertionError: Bon de commande should contain 'Total TTC'
E   assert 'Total TTC' in '%PDF-1.4\n%\x93\x8c\x8b\x9e ReportLab Generated PDF document (opensource)\n1 0 obj\n&lt;&lt;\n/F1 2 0 R /F2 4 0 R /F3 5 0 R\n&gt;&gt;\nendobj\n2 0 obj\n&lt;&lt;\n/BaseFont /Helvetica /Encoding /WinAnsiEncoding /Name /F1 /Subtype /Type1 /Type /Font\n&gt;&gt;\nendobj\n3 0 obj\n&lt;&lt;\n/BitsPerComponent 8 /ColorSpace /DeviceRGB /Filter [ /ASCII85Decode /FlateDecode ] /Height 1024 /Length 576501 /Subtype /Image \n  /Type /XObject /Width 1024\n&gt;&gt;\nstream\nGb",KM0@o=XCZ0e;Ut_XhYdE*:+UAc[?B2,#R?oD,rQ\'7JD__BajVX`K9Qj-\'l"NA3!,)O2Zo8,*1&lt;];Jr`e5\\@`:t%&lt;lcna]O!M`fC=*K.Mump2N+2f%c#F5_uqrRp@t4+Jh.!Yl;)@Ik`uDj)Tn;-keS\\.Q[e,3$X*m43X\'OC%,RCNRUkO-Lrl;Bf=DMPTb1H$GP-%05QAre@Ls#[7ZuOYu7`W7r%-,qh%J\\S`1VJaF()Ujr&amp;/dSB-i-&gt;:/9RdQrtN7jrC=5e99!4jnhZiilucM+r.Fo$9Ob(/I$W88Fr3DWJf:F%[Q#C!Yi$e;I)W@5$m-*^+hLlM4St.k$d!+#H&amp;Db,/i&lt;Fa\'(cbp/sojo#,&amp;Mt;BJ#@i\'-IOs6/rY3A](S"t%\'Fg&amp;I,5CAsNtSj0R^hL$p+AIRWnK6C2N@!BNTtl:\'D/%.WlXB0FnM&amp;ESUP;^5=L?9V0Jnu,5be3Y67*uh19;5\\fICueK8X-rIgu)IZKG&gt;2O-?8\\4p&amp;eqVYCCUWd0[Y&lt;,u`D0,\'8\'(@7c&gt;"#.*P#i9Z$lcuH.@D:Z,&gt;/&lt;p6+^([U5E\\OC,"@;%G5n+A7W!B7a-XE6l]E:D?m(dVI?P%#tYj0*neM&amp;3;P/o3[u.Z0!!WqibIa&lt;a$duQJ,&amp;r;OJWGuIh(C*X./Itmk&gt;`*Sa+^)d2Lm!"G)ONW)3bui^X14=:YcdE0&lt;fcW3dHQPGUXG&lt;Wn4#YLEKn]9N^lfoHq#XW&gt;*WbR,*ah\\n9AfFar5B+:,!lFPF...L:?7#)(n"&gt;)?^\'`?Hg_N1lY^GcP[H^HW&lt;MJW%Drd7*S)*JsL&gt;#$*2O``FSN`%iu#[,#&amp;OARAgP=X*[oT:b1:*"%/"DW;KaOZGOZ7_5;Vi,+6BlV_Mp4CfY$6=&amp;.3$\'0VNuZlJ(HmsIR#dc#btL3X(;3u./s[=[%Y"2E("I=_SX4TOHXsYVPn$&lt;?j=nXi$kB$N_eiUdkJ]%52Ae(*IGB)B7;o[bP^+HuJX.Q;:F&amp;`k9:^&gt;PH&amp;6"pbS+L)39N*8Pn$3&lt;4NQ@6)6aq6f"8J6i.?*&gt;Rj6p0Ho4W9Nee\'0kD%a0)YE*H3I:"I#sL@YJkqDo_0:W&lt;T;Seb#JX0)#/2`b#N(lFK?m0]os8LJC(`"S5G)Gpj2gH3nEdZ0G;:_0O4_kMl0re:HoQTOMpV&amp;H=6cXfe1&lt;gg:-Z#*iaI+6XkMYj+4*EW@aM03*]G:qL"s[Dj!VTB$#+Sr-&amp;Ej"KV2M@9!S;hhq,NoVpCb\'/AAWLW/HY-%s4A\\jtk\',1sk*".:QTR1n3h%oLPQE&amp;$"Y=PC6V-Ti@@k2VNDq`s\\L50p?_114L51%hI$W&amp;\'$XWjEY&amp;`5&gt;ES+r%u=:QITgJ0Z1Chp86QWWcjGhja=?lkP\\2WkViXFnC5*^N&gt;D-_EcSo"K%IcMq5_.ZYEmXueWO8mftZn*&amp;*&lt;cGnFi/R:%)s9oBG@2[J;teLPJ&lt;Ko03%Xb$4g\\rbfj_rrH0anhg~&gt;endstream\nendobj\nxref\n0 11\n0000000000 65535 f \n0000000061 00000 n \n0000000112 00000 n \n0000000219 00000 n \n0000576915 00000 n \n0000577027 00000 n \n0000577110 00000 n \n0000577377 00000 n \n0000577445 00000 n \n0000577706 00000 n \n0000577765 00000 n \ntrailer\n&lt;&lt;\n/ID \n[&lt;10715b25192da79381f3bb87760cfbcd&gt;&lt;10715b25192da79381f3bb87760cfbcd&gt;]\n% ReportLab generated PDF document -- digest (opensource)\n\n/Info 8 0 R\n/Root 7 0 R\n/Size 11\n&gt;&gt;\nstartxref\n580152\n%%EOF\n'</failure></testcase><testcase classname="tests.test_ui_text_corrections_iteration10.TestDriverRideEndpointWithToken" name="test_ride_details_returns_200" time="0.106" /><testcase classname="tests.test_ui_text_corrections_iteration10.TestDriverRideEndpointWithToken" name="test_ride_details_returns_json" time="0.129" /><testcase classname="tests.test_ui_text_corrections_iteration10.TestDriverRideEndpointWithToken" name="test_ride_details_has_price_info" time="0.257" /><testcase classname="tests.test_ui_text_corrections_iteration10.TestDriverPortalCoursesAPI" name="test_courses_endpoint_returns_200" time="0.243" /><testcase classname="tests.test_ui_text_corrections_iteration10.TestDriverPortalCoursesAPI" name="test_courses_returns_array" time="0.139" /><testcase classname="tests.test_ui_text_corrections_iteration10.TestDriverPortalCoursesAPI" name="test_courses_have_valid_statuses" time="0.106" /><testcase classname="tests.test_ui_text_corrections_iteration10.TestNoRegressionStartEndIdempotent" name="test_start_endpoint_responds" time="0.128" /><testcase classname="tests.test_ui_text_corrections_iteration10.TestNoRegressionStartEndIdempotent" name="test_end_endpoint_responds" time="0.109" /></testsuite></testsuites>