<?xml version="1.0" encoding="utf-8"?><testsuites name="pytest tests"><testsuite name="pytest" errors="0" failures="0" skipped="0" tests="15" time="2.588" timestamp="2026-02-18T16:26:47.509091+00:00" hostname="agent-env-ed34f5d9-145c-4263-94d2-f7908b13c9c9"><testcase classname="tests.test_danger_zone.TestDangerZonePreview" name="test_preview_requires_password" time="0.281" /><testcase classname="tests.test_danger_zone.TestDangerZonePreview" name="test_preview_rejects_wrong_password" time="0.112" /><testcase classname="tests.test_danger_zone.TestDangerZonePreview" name="test_preview_returns_collection_counts" time="0.188" /><testcase classname="tests.test_danger_zone.TestDangerZonePreview" name="test_preview_returns_enabled_status" time="0.148" /><testcase classname="tests.test_danger_zone.TestDangerZoneReset" name="test_reset_requires_password" time="0.164" /><testcase classname="tests.test_danger_zone.TestDangerZoneReset" name="test_reset_rejects_wrong_password" time="0.123" /><testcase classname="tests.test_danger_zone.TestDangerZoneReset" name="test_reset_rejects_wrong_confirmation" time="0.152" /><testcase classname="tests.test_danger_zone.TestDangerZoneReset" name="test_reset_accepts_correct_credentials" time="0.309" /><testcase classname="tests.test_danger_zone.TestDangerZoneAfterReset" name="test_reservations_empty_after_reset" time="0.145" /><testcase classname="tests.test_danger_zone.TestDangerZoneAfterReset" name="test_courses_empty_after_reset" time="0.119" /><testcase classname="tests.test_danger_zone.TestDangerZoneAfterReset" name="test_drivers_preserved_after_reset" time="0.159" /><testcase classname="tests.test_danger_zone.TestDangerZoneAfterReset" name="test_preview_shows_zero_after_reset" time="0.149" /><testcase classname="tests.test_danger_zone.TestEmptyStateHandling" name="test_dashboard_api_handles_empty" time="0.153" /><testcase classname="tests.test_danger_zone.TestEmptyStateHandling" name="test_subcontracting_api_handles_empty" time="0.132" /><testcase classname="tests.test_danger_zone.TestEmptyStateHandling" name="test_driver_courses_api_handles_empty" time="0.170" /></testsuite></testsuites>