<?xml version="1.0" encoding="utf-8"?><testsuites name="pytest tests"><testsuite name="pytest" errors="0" failures="0" skipped="0" tests="7" time="1.853" timestamp="2026-02-17T22:00:20.426668+00:00" hostname="agent-env-d65eae76-3dda-455b-8b6e-0fc6cb70f3cb"><testcase classname="tests.test_client_portal_status.TestClientPortalEndpoint" name="test_driver_arrived_token_returns_correct_fields" time="0.315" /><testcase classname="tests.test_client_portal_status.TestClientPortalEndpoint" name="test_done_status_token_returns_correct_status" time="0.174" /><testcase classname="tests.test_client_portal_status.TestClientPortalEndpoint" name="test_open_status_token_returns_en_attente" time="0.386" /><testcase classname="tests.test_client_portal_status.TestClientPortalEndpoint" name="test_cache_control_header_present" time="0.221" /><testcase classname="tests.test_client_portal_status.TestClientPortalEndpoint" name="test_invalid_token_returns_404" time="0.398" /><testcase classname="tests.test_client_portal_status.TestStatusMapping" name="test_assigned_status_shows_en_attente_chauffeur" time="0.000" /><testcase classname="tests.test_client_portal_status.TestDriverArrivalInfo" name="test_arrival_info_present_when_driver_arrived" time="0.298" /></testsuite></testsuites>