<?xml version="1.0" encoding="utf-8"?><testsuites name="pytest tests"><testsuite name="pytest" errors="0" failures="0" skipped="0" tests="13" time="3.816" timestamp="2026-02-17T10:53:57.731564+00:00" hostname="agent-env-36471085-1ab3-4e68-a43e-418e84a493fb"><testcase classname="tests.test_platform_commission_invoice.TestPlatformCommissionInvoice" name="test_platform_invoice_returns_200" time="0.590" /><testcase classname="tests.test_platform_commission_invoice.TestPlatformCommissionInvoice" name="test_platform_invoice_content_type_is_pdf" time="0.428" /><testcase classname="tests.test_platform_commission_invoice.TestPlatformCommissionInvoice" name="test_platform_invoice_is_valid_pdf" time="0.455" /><testcase classname="tests.test_platform_commission_invoice.TestPlatformCommissionInvoice" name="test_platform_invoice_has_correct_filename" time="0.434" /><testcase classname="tests.test_platform_commission_invoice.TestPlatformCommissionInvoice" name="test_platform_invoice_404_for_nonexistent_course" time="0.138" /><testcase classname="tests.test_platform_commission_invoice.TestExistingEndpointsStillWork" name="test_ride_details_returns_200" time="0.123" /><testcase classname="tests.test_platform_commission_invoice.TestExistingEndpointsStillWork" name="test_bon_commande_pdf_returns_200" time="0.397" /><testcase classname="tests.test_platform_commission_invoice.TestExistingEndpointsStillWork" name="test_invoice_pdf_returns_200" time="0.475" /><testcase classname="tests.test_platform_commission_invoice.TestExistingEndpointsStillWork" name="test_start_endpoint_exists" time="0.127" /><testcase classname="tests.test_platform_commission_invoice.TestExistingEndpointsStillWork" name="test_end_endpoint_exists" time="0.162" /><testcase classname="tests.test_platform_commission_invoice.TestAdminSubcontractingEndpoints" name="test_admin_courses_list" time="0.139" /><testcase classname="tests.test_platform_commission_invoice.TestAdminSubcontractingEndpoints" name="test_admin_drivers_list" time="0.158" /><testcase classname="tests.test_platform_commission_invoice.TestAdminSubcontractingEndpoints" name="test_test_course_exists_in_list" time="0.129" /></testsuite></testsuites>