<?xml version="1.0" encoding="utf-8"?><testsuites name="pytest tests"><testsuite name="pytest" errors="0" failures="1" skipped="0" tests="17" time="3.593" timestamp="2026-02-15T15:43:49.598735+00:00" hostname="agent-env-6eee8188-d02c-4245-94d6-8695110ba4ae"><testcase classname="backend.tests.test_driver_billing.TestDriverRegistration" name="test_register_driver_success" time="0.919"><failure message="assert 'driver' in {'driver_id': 'f79ac6da-45ab-470d-b9d5-aa7f73f61f3b', 'is_active': False, 'message': &quot;Inscription réussie. Votre compte doit être validé par l'administrateur.&quot;}">backend/tests/test_driver_billing.py:59: in test_register_driver_success
    assert "driver" in data
E   assert 'driver' in {'driver_id': 'f79ac6da-45ab-470d-b9d5-aa7f73f61f3b', 'is_active': False, 'message': "Inscription réussie. Votre compte doit être validé par l'administrateur."}</failure></testcase><testcase classname="backend.tests.test_driver_billing.TestDriverRegistration" name="test_register_driver_missing_siret" time="0.058" /><testcase classname="backend.tests.test_driver_billing.TestDriverRegistration" name="test_register_driver_missing_address" time="0.055" /><testcase classname="backend.tests.test_driver_billing.TestDriverRegistration" name="test_register_duplicate_email" time="0.066" /><testcase classname="backend.tests.test_driver_billing.TestDriverLogin" name="test_login_driver_not_validated" time="0.176" /><testcase classname="backend.tests.test_driver_billing.TestDriverLogin" name="test_login_invalid_credentials" time="0.054" /><testcase classname="backend.tests.test_driver_billing.TestDriverLogin" name="test_login_nonexistent_email" time="0.060" /><testcase classname="backend.tests.test_driver_billing.TestAdminValidateDriver" name="test_validate_driver_for_testing" time="0.296" /><testcase classname="backend.tests.test_driver_billing.TestDriverSupplementsAndInvoice" name="test_driver_courses_list" time="0.312" /><testcase classname="backend.tests.test_driver_billing.TestInvoiceStatusEndpoint" name="test_invoice_status_requires_auth" time="0.105" /><testcase classname="backend.tests.test_driver_billing.TestClientPortalModification" name="test_client_portal_get_reservation" time="0.654" /><testcase classname="backend.tests.test_driver_billing.TestClientPortalModification" name="test_client_portal_modification" time="0.235" /><testcase classname="backend.tests.test_driver_billing.TestClientPortalModification" name="test_client_portal_invalid_token" time="0.049" /><testcase classname="backend.tests.test_driver_billing.TestRouteCalculation" name="test_calculate_route" time="0.268" /><testcase classname="backend.tests.test_driver_billing.TestExistingClientPortalToken" name="test_provided_token" time="0.078" /><testcase classname="backend.tests.test_driver_billing.TestAdminEndpoints" name="test_admin_get_courses" time="0.062" /><testcase classname="backend.tests.test_driver_billing.TestAdminEndpoints" name="test_admin_get_drivers" time="0.060" /></testsuite></testsuites>