<?xml version="1.0" encoding="utf-8"?><testsuites name="pytest tests"><testsuite name="pytest" errors="0" failures="0" skipped="0" tests="11" time="2.683" timestamp="2026-02-18T13:58:13.350621+00:00" hostname="agent-env-ed34f5d9-145c-4263-94d2-f7908b13c9c9"><testcase classname="backend.tests.test_test_mode_unification.TestTestModeUnification" name="test_dashboard_reservations_count" time="0.173" /><testcase classname="backend.tests.test_test_mode_unification.TestTestModeUnification" name="test_subcontracting_courses_count" time="0.156" /><testcase classname="backend.tests.test_test_mode_unification.TestTestModeUnification" name="test_reservation_has_is_test_field" time="0.119" /><testcase classname="backend.tests.test_test_mode_unification.TestTestModeUnification" name="test_course_has_is_test_field" time="0.142" /><testcase classname="backend.tests.test_test_mode_unification.TestTestModeUnification" name="test_toggle_test_reservation_api" time="0.572" /><testcase classname="backend.tests.test_test_mode_unification.TestTestModeUnification" name="test_toggle_test_course_api" time="0.397" /><testcase classname="backend.tests.test_test_mode_unification.TestCommissionCalculation" name="test_course_totals_calculation" time="0.130" /><testcase classname="backend.tests.test_test_mode_unification.TestCommissionCalculation" name="test_course_has_totals_field" time="0.140" /><testcase classname="backend.tests.test_test_mode_unification.TestDataCounts" name="test_expected_reservation_counts" time="0.195" /><testcase classname="backend.tests.test_test_mode_unification.TestDataCounts" name="test_expected_course_counts" time="0.137" /><testcase classname="backend.tests.test_test_mode_unification.TestSyncSpecificReservation" name="test_sync_specific_reservation" time="0.466" /></testsuite></testsuites>